#
# There is insufficient memory for the Java Runtime Environment to continue.
# Native memory allocation (malloc) failed to allocate 1249136 bytes. Error detail: Chunk::new
# Possible reasons:
#   The system is out of physical RAM or swap space
#   This process is running with CompressedOops enabled, and the Java Heap may be blocking the growth of the native heap
# Possible solutions:
#   Reduce memory load on the system
#   Increase physical memory or swap space
#   Check if swap backing store is full
#   Decrease Java heap size (-Xmx/-Xms)
#   Decrease number of Java threads
#   Decrease Java thread stack sizes (-Xss)
#   Set larger code cache with -XX:ReservedCodeCacheSize=
#   JVM is running with Unscaled Compressed Oops mode in which the Java heap is
#     placed in the first 4GB address space. The Java Heap base address is the
#     maximum limit for the native heap growth. Please use -XX:HeapBaseMinAddress
#     to set the Java Heap base and to place the Java Heap above 4GB virtual address.
# This output file may be truncated or incomplete.
#
#  Out of Memory Error (arena.cpp:168), pid=468, tid=16300
#
# JRE version: OpenJDK Runtime Environment (21.0.6) (build 21.0.6+-13355223-b631.42)
# Java VM: OpenJDK 64-Bit Server VM (21.0.6+-13355223-b631.42, mixed mode, tiered, compressed oops, compressed class ptrs, g1 gc, windows-amd64)
# No core dump will be written. Minidumps are not enabled by default on client versions of Windows
#

---------------  S U M M A R Y ------------

Command Line: --add-opens=java.base/java.util=ALL-UNNAMED --add-opens=java.base/java.lang=ALL-UNNAMED --add-opens=java.base/java.lang.invoke=ALL-UNNAMED --add-opens=java.prefs/java.util.prefs=ALL-UNNAMED --add-exports=jdk.compiler/com.sun.tools.javac.api=ALL-UNNAMED --add-exports=jdk.compiler/com.sun.tools.javac.util=ALL-UNNAMED --add-opens=java.base/java.nio.charset=ALL-UNNAMED --add-opens=java.base/java.net=ALL-UNNAMED --add-opens=java.base/java.util.concurrent.atomic=ALL-UNNAMED -Xmx2048m -Dfile.encoding=UTF-8 -Duser.country=BR -Duser.language=pt -Duser.variant -javaagent:C:\Users\Isa\.gradle\wrapper\dists\gradle-8.9-bin\90cnw93cvbtalezasaz0blq0a\gradle-8.9\lib\agents\gradle-instrumentation-agent-8.9.jar org.gradle.launcher.daemon.bootstrap.GradleDaemon 8.9

Host: AMD Ryzen 7 3700U with Radeon Vega Mobile Gfx  , 8 cores, 5G,  Windows 10 , 64 bit Build 19041 (10.0.19041.5678)
Time: Wed May  7 01:07:39 2025 Hora oficial do Brasil elapsed time: 8.811592 seconds (0d 0h 0m 8s)

---------------  T H R E A D  ---------------

Current thread (0x000001fb00cfad90):  JavaThread "C2 CompilerThread1" daemon [_thread_in_native, id=16300, stack(0x0000003236a00000,0x0000003236b00000) (1024K)]


Current CompileTask:
C2:8811 4239       4       java.net.URLClassLoader$1::run (5 bytes)

Stack: [0x0000003236a00000,0x0000003236b00000]
Native frames: (J=compiled Java code, j=interpreted, Vv=VM code, C=native code)
V  [jvm.dll+0x6d05a9]
V  [jvm.dll+0x85ea73]
V  [jvm.dll+0x860fce]
V  [jvm.dll+0x8616b3]
V  [jvm.dll+0x27e6e6]
V  [jvm.dll+0xbff6d]
V  [jvm.dll+0xc04a3]
V  [jvm.dll+0x3b6131]
V  [jvm.dll+0x1de684]
V  [jvm.dll+0x247dd4]
V  [jvm.dll+0x247251]
V  [jvm.dll+0x1c5f04]
V  [jvm.dll+0x2569ac]
V  [jvm.dll+0x254ef6]
V  [jvm.dll+0x3f0e56]
V  [jvm.dll+0x806e48]
V  [jvm.dll+0x6cee7d]
C  [ucrtbase.dll+0x21bb2]
C  [KERNEL32.DLL+0x17374]
C  [ntdll.dll+0x4cc91]


---------------  P R O C E S S  ---------------

Threads class SMR info:
_java_thread_list=0x000001fb009d2f90, length=33, elements={
0x000001fb605e2670, 0x000001fb7a09ba80, 0x000001fb7a09e5e0, 0x000001fb7a088660,
0x000001fb7a0b71e0, 0x000001fb7a0b7840, 0x000001fb7a0b8290, 0x000001fb7a085b00,
0x000001fb7a0dd2a0, 0x000001fb79e7f1d0, 0x000001fb7a3b2070, 0x000001fb0008f1e0,
0x000001fb7feb9740, 0x000001fb000100d0, 0x000001fb00032010, 0x000001fb0002fed0,
0x000001fb0005dbd0, 0x000001fb00210600, 0x000001fb0020f250, 0x000001fb0020ff70,
0x000001fb0020dea0, 0x000001fb0020d810, 0x000001fb0020d180, 0x000001fb0020e530,
0x000001fb0020ebc0, 0x000001fb0020f8e0, 0x000001fb0300cb20, 0x000001fb0300a3c0,
0x000001fb0300be00, 0x000001fb0300aa50, 0x000001fb0300d1b0, 0x000001fb0300b0e0,
0x000001fb00cfad90
}

Java Threads: ( => current thread )
  0x000001fb605e2670 JavaThread "main"                              [_thread_blocked, id=10684, stack(0x0000003234300000,0x0000003234400000) (1024K)]
  0x000001fb7a09ba80 JavaThread "Reference Handler"          daemon [_thread_blocked, id=12220, stack(0x0000003234b00000,0x0000003234c00000) (1024K)]
  0x000001fb7a09e5e0 JavaThread "Finalizer"                  daemon [_thread_blocked, id=12140, stack(0x0000003234c00000,0x0000003234d00000) (1024K)]
  0x000001fb7a088660 JavaThread "Signal Dispatcher"          daemon [_thread_blocked, id=8008, stack(0x0000003234d00000,0x0000003234e00000) (1024K)]
  0x000001fb7a0b71e0 JavaThread "Attach Listener"            daemon [_thread_blocked, id=8012, stack(0x0000003234e00000,0x0000003234f00000) (1024K)]
  0x000001fb7a0b7840 JavaThread "Service Thread"             daemon [_thread_blocked, id=12008, stack(0x0000003234f00000,0x0000003235000000) (1024K)]
  0x000001fb7a0b8290 JavaThread "Monitor Deflation Thread"   daemon [_thread_blocked, id=6908, stack(0x0000003235000000,0x0000003235100000) (1024K)]
  0x000001fb7a085b00 JavaThread "C2 CompilerThread0"         daemon [_thread_in_native, id=11208, stack(0x0000003235100000,0x0000003235200000) (1024K)]
  0x000001fb7a0dd2a0 JavaThread "C1 CompilerThread0"         daemon [_thread_blocked, id=11788, stack(0x0000003235200000,0x0000003235300000) (1024K)]
  0x000001fb79e7f1d0 JavaThread "Common-Cleaner"             daemon [_thread_blocked, id=3096, stack(0x0000003235300000,0x0000003235400000) (1024K)]
  0x000001fb7a3b2070 JavaThread "Notification Thread"        daemon [_thread_blocked, id=11200, stack(0x0000003235400000,0x0000003235500000) (1024K)]
  0x000001fb0008f1e0 JavaThread "Daemon health stats"               [_thread_blocked, id=2364, stack(0x0000003235500000,0x0000003235600000) (1024K)]
  0x000001fb7feb9740 JavaThread "Incoming local TCP Connector on port 50464"        [_thread_in_native, id=11668, stack(0x0000003235a00000,0x0000003235b00000) (1024K)]
  0x000001fb000100d0 JavaThread "Daemon periodic checks"            [_thread_blocked, id=16024, stack(0x0000003235e00000,0x0000003235f00000) (1024K)]
  0x000001fb00032010 JavaThread "Daemon"                            [_thread_blocked, id=10196, stack(0x0000003235f00000,0x0000003236000000) (1024K)]
  0x000001fb0002fed0 JavaThread "Handler for socket connection from /127.0.0.1:50464 to /127.0.0.1:50465"        [_thread_in_native, id=11704, stack(0x0000003236000000,0x0000003236100000) (1024K)]
  0x000001fb0005dbd0 JavaThread "Cancel handler"                    [_thread_blocked, id=11696, stack(0x0000003236100000,0x0000003236200000) (1024K)]
  0x000001fb00210600 JavaThread "Daemon worker"                     [_thread_in_vm, id=11328, stack(0x0000003236200000,0x0000003236300000) (1024K)]
  0x000001fb0020f250 JavaThread "Asynchronous log dispatcher for DefaultDaemonConnection: socket connection from /127.0.0.1:50464 to /127.0.0.1:50465"        [_thread_blocked, id=11324, stack(0x0000003236300000,0x0000003236400000) (1024K)]
  0x000001fb0020ff70 JavaThread "Stdin handler"                     [_thread_blocked, id=12828, stack(0x0000003236400000,0x0000003236500000) (1024K)]
  0x000001fb0020dea0 JavaThread "Daemon client event forwarder"        [_thread_blocked, id=564, stack(0x0000003236500000,0x0000003236600000) (1024K)]
  0x000001fb0020d810 JavaThread "Cache worker for journal cache (C:\Users\Isa\.gradle\caches\journal-1)"        [_thread_blocked, id=8308, stack(0x0000003236700000,0x0000003236800000) (1024K)]
  0x000001fb0020d180 JavaThread "File lock request listener"        [_thread_in_native, id=648, stack(0x0000003236800000,0x0000003236900000) (1024K)]
  0x000001fb0020e530 JavaThread "Cache worker for file hash cache (C:\Users\Isa\.gradle\caches\8.9\fileHashes)"        [_thread_blocked, id=2360, stack(0x0000003236900000,0x0000003236a00000) (1024K)]
  0x000001fb0020ebc0 JavaThread "Cache worker for file hash cache (C:\Users\Isa\Desktop\Isabela\source\PIFOTO\MyApplication\.gradle\8.9\fileHashes)"        [_thread_blocked, id=10948, stack(0x0000003236b00000,0x0000003236c00000) (1024K)]
  0x000001fb0020f8e0 JavaThread "Cache worker for Build Output Cleanup Cache (C:\Users\Isa\Desktop\Isabela\source\PIFOTO\MyApplication\.gradle\buildOutputCleanup)"        [_thread_blocked, id=4764, stack(0x0000003236c00000,0x0000003236d00000) (1024K)]
  0x000001fb0300cb20 JavaThread "File watcher server"        daemon [_thread_in_native, id=6636, stack(0x0000003236d00000,0x0000003236e00000) (1024K)]
  0x000001fb0300a3c0 JavaThread "File watcher consumer"      daemon [_thread_blocked, id=6640, stack(0x0000003236e00000,0x0000003236f00000) (1024K)]
  0x000001fb0300be00 JavaThread "Cache worker for checksums cache (C:\Users\Isa\Desktop\Isabela\source\PIFOTO\MyApplication\.gradle\8.9\checksums)"        [_thread_blocked, id=13216, stack(0x0000003236f00000,0x0000003237000000) (1024K)]
  0x000001fb0300aa50 JavaThread "Cache worker for file content cache (C:\Users\Isa\.gradle\caches\8.9\fileContent)"        [_thread_blocked, id=5084, stack(0x0000003237000000,0x0000003237100000) (1024K)]
  0x000001fb0300d1b0 JavaThread "Cache worker for cache directory md-rule (C:\Users\Isa\.gradle\caches\8.9\md-rule)"        [_thread_blocked, id=10592, stack(0x0000003237100000,0x0000003237200000) (1024K)]
  0x000001fb0300b0e0 JavaThread "Cache worker for cache directory md-supplier (C:\Users\Isa\.gradle\caches\8.9\md-supplier)"        [_thread_blocked, id=16108, stack(0x0000003237200000,0x0000003237300000) (1024K)]
=>0x000001fb00cfad90 JavaThread "C2 CompilerThread1"         daemon [_thread_in_native, id=16300, stack(0x0000003236a00000,0x0000003236b00000) (1024K)]
Total: 33

Other Threads:
  0x000001fb79f10090 VMThread "VM Thread"                           [id=16292, stack(0x0000003234a00000,0x0000003234b00000) (1024K)]
  0x000001fb79e7e220 WatcherThread "VM Periodic Task Thread"        [id=12544, stack(0x0000003234900000,0x0000003234a00000) (1024K)]
  0x000001fb62864530 WorkerThread "GC Thread#0"                     [id=3412, stack(0x0000003234400000,0x0000003234500000) (1024K)]
  0x000001fb7f0e4ee0 WorkerThread "GC Thread#1"                     [id=12152, stack(0x0000003235600000,0x0000003235700000) (1024K)]
  0x000001fb7a527a90 WorkerThread "GC Thread#2"                     [id=11964, stack(0x0000003235700000,0x0000003235800000) (1024K)]
  0x000001fb7a7f8ef0 WorkerThread "GC Thread#3"                     [id=9044, stack(0x0000003235800000,0x0000003235900000) (1024K)]
  0x000001fb7f38de60 WorkerThread "GC Thread#4"                     [id=3128, stack(0x0000003235900000,0x0000003235a00000) (1024K)]
  0x000001fb00222bd0 WorkerThread "GC Thread#5"                     [id=11632, stack(0x0000003235b00000,0x0000003235c00000) (1024K)]
  0x000001fb00028440 WorkerThread "GC Thread#6"                     [id=11360, stack(0x0000003235c00000,0x0000003235d00000) (1024K)]
  0x000001fb000287e0 WorkerThread "GC Thread#7"                     [id=11636, stack(0x0000003235d00000,0x0000003235e00000) (1024K)]
  0x000001fb62875590 ConcurrentGCThread "G1 Main Marker"            [id=5804, stack(0x0000003234500000,0x0000003234600000) (1024K)]
  0x000001fb62878750 WorkerThread "G1 Conc#0"                       [id=10480, stack(0x0000003234600000,0x0000003234700000) (1024K)]
  0x000001fb0018b940 WorkerThread "G1 Conc#1"                       [id=11136, stack(0x0000003236600000,0x0000003236700000) (1024K)]
  0x000001fb79d510b0 ConcurrentGCThread "G1 Refine#0"               [id=1424, stack(0x0000003234700000,0x0000003234800000) (1024K)]
  0x000001fb79d529e0 ConcurrentGCThread "G1 Service"                [id=13864, stack(0x0000003234800000,0x0000003234900000) (1024K)]
Total: 15

Threads with active compile tasks:
C2 CompilerThread0  8845 4238   !   4       java.net.URLClassLoader::findClass (47 bytes)
C2 CompilerThread1  8845 4239       4       java.net.URLClassLoader$1::run (5 bytes)
Total: 2

VM state: not at safepoint (normal execution)

VM Mutex/Monitor currently owned by a thread: None

Heap address: 0x0000000080000000, size: 2048 MB, Compressed Oops mode: 32-bit

CDS archive(s) not mapped
Compressed class space mapped at: 0x0000000100000000-0x0000000140000000, reserved size: 1073741824
Narrow klass base: 0x0000000000000000, Narrow klass shift: 3, Narrow klass range: 0x140000000

GC Precious Log:
 CardTable entry size: 512
 Card Set container configuration: InlinePtr #cards 5 size 8 Array Of Cards #cards 12 size 40 Howl #buckets 4 coarsen threshold 1843 Howl Bitmap #cards 512 size 80 coarsen threshold 460 Card regions per heap region 1 cards per card region 2048
 CPUs: 8 total, 8 available
 Memory: 6081M
 Large Page Support: Disabled
 NUMA Support: Disabled
 Compressed Oops: Enabled (32-bit)
 Heap Region Size: 1M
 Heap Min Capacity: 8M
 Heap Initial Capacity: 96M
 Heap Max Capacity: 2G
 Pre-touch: Disabled
 Parallel Workers: 8
 Concurrent Workers: 2
 Concurrent Refinement Workers: 8
 Periodic GC: Disabled

Heap:
 garbage-first heap   total 75776K, used 37534K [0x0000000080000000, 0x0000000100000000)
  region size 1024K, 5 young (5120K), 2 survivors (2048K)
 Metaspace       used 47365K, committed 48576K, reserved 1114112K
  class space    used 6329K, committed 6912K, reserved 1048576K

Heap Regions: E=young(eden), S=young(survivor), O=old, HS=humongous(starts), HC=humongous(continues), CS=collection set, F=free, TAMS=top-at-mark-start, PB=parsable bottom
|   0|0x0000000080000000, 0x0000000080100000, 0x0000000080100000|100%|HS|  |TAMS 0x0000000080000000| PB 0x0000000080000000| Complete 
|   1|0x0000000080100000, 0x0000000080200000, 0x0000000080200000|100%|HC|  |TAMS 0x0000000080100000| PB 0x0000000080100000| Complete 
|   2|0x0000000080200000, 0x0000000080300000, 0x0000000080300000|100%|HC|  |TAMS 0x0000000080200000| PB 0x0000000080200000| Complete 
|   3|0x0000000080300000, 0x0000000080400000, 0x0000000080400000|100%|HC|  |TAMS 0x0000000080300000| PB 0x0000000080300000| Complete 
|   4|0x0000000080400000, 0x0000000080500000, 0x0000000080500000|100%| O|  |TAMS 0x0000000080400000| PB 0x0000000080400000| Untracked 
|   5|0x0000000080500000, 0x0000000080600000, 0x0000000080600000|100%| O|  |TAMS 0x0000000080500000| PB 0x0000000080500000| Untracked 
|   6|0x0000000080600000, 0x0000000080700000, 0x0000000080700000|100%| O|  |TAMS 0x0000000080600000| PB 0x0000000080600000| Untracked 
|   7|0x0000000080700000, 0x0000000080800000, 0x0000000080800000|100%| O|  |TAMS 0x0000000080700000| PB 0x0000000080700000| Untracked 
|   8|0x0000000080800000, 0x0000000080900000, 0x0000000080900000|100%| O|  |TAMS 0x0000000080800000| PB 0x0000000080800000| Untracked 
|   9|0x0000000080900000, 0x0000000080a00000, 0x0000000080a00000|100%| O|  |TAMS 0x0000000080900000| PB 0x0000000080900000| Untracked 
|  10|0x0000000080a00000, 0x0000000080b00000, 0x0000000080b00000|100%| O|  |TAMS 0x0000000080a00000| PB 0x0000000080a00000| Untracked 
|  11|0x0000000080b00000, 0x0000000080c00000, 0x0000000080c00000|100%|HS|  |TAMS 0x0000000080b00000| PB 0x0000000080b00000| Complete 
|  12|0x0000000080c00000, 0x0000000080d00000, 0x0000000080d00000|100%| O|  |TAMS 0x0000000080c00000| PB 0x0000000080c00000| Untracked 
|  13|0x0000000080d00000, 0x0000000080e00000, 0x0000000080e00000|100%| O|  |TAMS 0x0000000080d00000| PB 0x0000000080d00000| Untracked 
|  14|0x0000000080e00000, 0x0000000080f00000, 0x0000000080f00000|100%| O|  |TAMS 0x0000000080e00000| PB 0x0000000080e00000| Untracked 
|  15|0x0000000080f00000, 0x0000000081000000, 0x0000000081000000|100%| O|  |TAMS 0x0000000080f00000| PB 0x0000000080f00000| Untracked 
|  16|0x0000000081000000, 0x0000000081100000, 0x0000000081100000|100%| O|  |TAMS 0x0000000081000000| PB 0x0000000081000000| Untracked 
|  17|0x0000000081100000, 0x0000000081200000, 0x0000000081200000|100%| O|  |TAMS 0x0000000081100000| PB 0x0000000081100000| Untracked 
|  18|0x0000000081200000, 0x0000000081300000, 0x0000000081300000|100%| O|  |TAMS 0x0000000081200000| PB 0x0000000081200000| Untracked 
|  19|0x0000000081300000, 0x0000000081400000, 0x0000000081400000|100%| O|  |TAMS 0x0000000081300000| PB 0x0000000081300000| Untracked 
|  20|0x0000000081400000, 0x0000000081500000, 0x0000000081500000|100%| O|  |TAMS 0x0000000081400000| PB 0x0000000081400000| Untracked 
|  21|0x0000000081500000, 0x0000000081600000, 0x0000000081600000|100%| O|  |TAMS 0x0000000081500000| PB 0x0000000081500000| Untracked 
|  22|0x0000000081600000, 0x0000000081700000, 0x0000000081700000|100%| O|  |TAMS 0x0000000081600000| PB 0x0000000081600000| Untracked 
|  23|0x0000000081700000, 0x0000000081800000, 0x0000000081800000|100%| O|  |TAMS 0x0000000081700000| PB 0x0000000081700000| Untracked 
|  24|0x0000000081800000, 0x0000000081900000, 0x0000000081900000|100%| O|  |TAMS 0x0000000081800000| PB 0x0000000081800000| Untracked 
|  25|0x0000000081900000, 0x0000000081a00000, 0x0000000081a00000|100%| O|  |TAMS 0x0000000081900000| PB 0x0000000081900000| Untracked 
|  26|0x0000000081a00000, 0x0000000081b00000, 0x0000000081b00000|100%| O|  |TAMS 0x0000000081a00000| PB 0x0000000081a00000| Untracked 
|  27|0x0000000081b00000, 0x0000000081c00000, 0x0000000081c00000|100%| O|  |TAMS 0x0000000081b00000| PB 0x0000000081b00000| Untracked 
|  28|0x0000000081c00000, 0x0000000081d00000, 0x0000000081d00000|100%| O|  |TAMS 0x0000000081c00000| PB 0x0000000081c00000| Untracked 
|  29|0x0000000081d00000, 0x0000000081e00000, 0x0000000081e00000|100%| O|  |TAMS 0x0000000081d00000| PB 0x0000000081d00000| Untracked 
|  30|0x0000000081e00000, 0x0000000081f00000, 0x0000000081f00000|100%| O|  |TAMS 0x0000000081e00000| PB 0x0000000081e00000| Untracked 
|  31|0x0000000081f00000, 0x0000000082000000, 0x0000000082000000|100%| O|  |TAMS 0x0000000081f00000| PB 0x0000000081f00000| Untracked 
|  32|0x0000000082000000, 0x00000000820a89a0, 0x0000000082100000| 65%| O|  |TAMS 0x0000000082000000| PB 0x0000000082000000| Untracked 
|  33|0x0000000082100000, 0x0000000082100000, 0x0000000082200000|  0%| F|  |TAMS 0x0000000082100000| PB 0x0000000082100000| Untracked 
|  34|0x0000000082200000, 0x0000000082200000, 0x0000000082300000|  0%| F|  |TAMS 0x0000000082200000| PB 0x0000000082200000| Untracked 
|  35|0x0000000082300000, 0x0000000082300000, 0x0000000082400000|  0%| F|  |TAMS 0x0000000082300000| PB 0x0000000082300000| Untracked 
|  36|0x0000000082400000, 0x0000000082400000, 0x0000000082500000|  0%| F|  |TAMS 0x0000000082400000| PB 0x0000000082400000| Untracked 
|  37|0x0000000082500000, 0x0000000082500000, 0x0000000082600000|  0%| F|  |TAMS 0x0000000082500000| PB 0x0000000082500000| Untracked 
|  38|0x0000000082600000, 0x0000000082600000, 0x0000000082700000|  0%| F|  |TAMS 0x0000000082600000| PB 0x0000000082600000| Untracked 
|  39|0x0000000082700000, 0x0000000082700000, 0x0000000082800000|  0%| F|  |TAMS 0x0000000082700000| PB 0x0000000082700000| Untracked 
|  40|0x0000000082800000, 0x0000000082800000, 0x0000000082900000|  0%| F|  |TAMS 0x0000000082800000| PB 0x0000000082800000| Untracked 
|  41|0x0000000082900000, 0x00000000829ff258, 0x0000000082a00000| 99%| S|CS|TAMS 0x0000000082900000| PB 0x0000000082900000| Complete 
|  42|0x0000000082a00000, 0x0000000082b00000, 0x0000000082b00000|100%| S|CS|TAMS 0x0000000082a00000| PB 0x0000000082a00000| Complete 
|  43|0x0000000082b00000, 0x0000000082b00000, 0x0000000082c00000|  0%| F|  |TAMS 0x0000000082b00000| PB 0x0000000082b00000| Untracked 
|  44|0x0000000082c00000, 0x0000000082c00000, 0x0000000082d00000|  0%| F|  |TAMS 0x0000000082c00000| PB 0x0000000082c00000| Untracked 
|  45|0x0000000082d00000, 0x0000000082d00000, 0x0000000082e00000|  0%| F|  |TAMS 0x0000000082d00000| PB 0x0000000082d00000| Untracked 
|  46|0x0000000082e00000, 0x0000000082e00000, 0x0000000082f00000|  0%| F|  |TAMS 0x0000000082e00000| PB 0x0000000082e00000| Untracked 
|  47|0x0000000082f00000, 0x0000000082f00000, 0x0000000083000000|  0%| F|  |TAMS 0x0000000082f00000| PB 0x0000000082f00000| Untracked 
|  48|0x0000000083000000, 0x0000000083000000, 0x0000000083100000|  0%| F|  |TAMS 0x0000000083000000| PB 0x0000000083000000| Untracked 
|  49|0x0000000083100000, 0x0000000083100000, 0x0000000083200000|  0%| F|  |TAMS 0x0000000083100000| PB 0x0000000083100000| Untracked 
|  50|0x0000000083200000, 0x0000000083200000, 0x0000000083300000|  0%| F|  |TAMS 0x0000000083200000| PB 0x0000000083200000| Untracked 
|  51|0x0000000083300000, 0x0000000083300000, 0x0000000083400000|  0%| F|  |TAMS 0x0000000083300000| PB 0x0000000083300000| Untracked 
|  52|0x0000000083400000, 0x0000000083400000, 0x0000000083500000|  0%| F|  |TAMS 0x0000000083400000| PB 0x0000000083400000| Untracked 
|  53|0x0000000083500000, 0x0000000083500000, 0x0000000083600000|  0%| F|  |TAMS 0x0000000083500000| PB 0x0000000083500000| Untracked 
|  54|0x0000000083600000, 0x0000000083600000, 0x0000000083700000|  0%| F|  |TAMS 0x0000000083600000| PB 0x0000000083600000| Untracked 
|  55|0x0000000083700000, 0x0000000083700000, 0x0000000083800000|  0%| F|  |TAMS 0x0000000083700000| PB 0x0000000083700000| Untracked 
|  56|0x0000000083800000, 0x0000000083800000, 0x0000000083900000|  0%| F|  |TAMS 0x0000000083800000| PB 0x0000000083800000| Untracked 
|  57|0x0000000083900000, 0x0000000083900000, 0x0000000083a00000|  0%| F|  |TAMS 0x0000000083900000| PB 0x0000000083900000| Untracked 
|  58|0x0000000083a00000, 0x0000000083a00000, 0x0000000083b00000|  0%| F|  |TAMS 0x0000000083a00000| PB 0x0000000083a00000| Untracked 
|  59|0x0000000083b00000, 0x0000000083b00000, 0x0000000083c00000|  0%| F|  |TAMS 0x0000000083b00000| PB 0x0000000083b00000| Untracked 
|  60|0x0000000083c00000, 0x0000000083c00000, 0x0000000083d00000|  0%| F|  |TAMS 0x0000000083c00000| PB 0x0000000083c00000| Untracked 
|  61|0x0000000083d00000, 0x0000000083d00000, 0x0000000083e00000|  0%| F|  |TAMS 0x0000000083d00000| PB 0x0000000083d00000| Untracked 
|  62|0x0000000083e00000, 0x0000000083e00000, 0x0000000083f00000|  0%| F|  |TAMS 0x0000000083e00000| PB 0x0000000083e00000| Untracked 
|  63|0x0000000083f00000, 0x0000000083f00000, 0x0000000084000000|  0%| F|  |TAMS 0x0000000083f00000| PB 0x0000000083f00000| Untracked 
|  64|0x0000000084000000, 0x0000000084000000, 0x0000000084100000|  0%| F|  |TAMS 0x0000000084000000| PB 0x0000000084000000| Untracked 
|  65|0x0000000084100000, 0x0000000084100000, 0x0000000084200000|  0%| F|  |TAMS 0x0000000084100000| PB 0x0000000084100000| Untracked 
|  66|0x0000000084200000, 0x0000000084200000, 0x0000000084300000|  0%| F|  |TAMS 0x0000000084200000| PB 0x0000000084200000| Untracked 
|  67|0x0000000084300000, 0x0000000084300000, 0x0000000084400000|  0%| F|  |TAMS 0x0000000084300000| PB 0x0000000084300000| Untracked 
|  68|0x0000000084400000, 0x0000000084400000, 0x0000000084500000|  0%| F|  |TAMS 0x0000000084400000| PB 0x0000000084400000| Untracked 
|  69|0x0000000084500000, 0x0000000084500000, 0x0000000084600000|  0%| F|  |TAMS 0x0000000084500000| PB 0x0000000084500000| Untracked 
|  70|0x0000000084600000, 0x0000000084680000, 0x0000000084700000| 50%| E|  |TAMS 0x0000000084600000| PB 0x0000000084600000| Complete 
|  84|0x0000000085400000, 0x0000000085500000, 0x0000000085500000|100%| E|CS|TAMS 0x0000000085400000| PB 0x0000000085400000| Complete 
|  85|0x0000000085500000, 0x0000000085600000, 0x0000000085600000|100%| E|CS|TAMS 0x0000000085500000| PB 0x0000000085500000| Complete 
|  95|0x0000000085f00000, 0x0000000086000000, 0x0000000086000000|100%| E|CS|TAMS 0x0000000085f00000| PB 0x0000000085f00000| Complete 

Card table byte_map: [0x000001fb750a0000,0x000001fb754a0000] _byte_map_base: 0x000001fb74ca0000

Marking Bits: (CMBitMap*) 0x000001fb62864b40
 Bits: [0x000001fb754a0000, 0x000001fb774a0000)

Polling page: 0x000001fb61fe0000

Metaspace:

Usage:
  Non-class:     40.10 MB used.
      Class:      6.19 MB used.
       Both:     46.29 MB used.

Virtual space:
  Non-class space:       64.00 MB reserved,      40.75 MB ( 64%) committed,  1 nodes.
      Class space:        1.00 GB reserved,       6.75 MB ( <1%) committed,  1 nodes.
             Both:        1.06 GB reserved,      47.50 MB (  4%) committed. 

Chunk freelists:
   Non-Class:  6.47 MB
       Class:  9.25 MB
        Both:  15.72 MB

MaxMetaspaceSize: unlimited
CompressedClassSpaceSize: 1.00 GB
Initial GC threshold: 21.00 MB
Current GC threshold: 59.00 MB
CDS: off
 - commit_granule_bytes: 65536.
 - commit_granule_words: 8192.
 - virtual_space_node_default_size: 8388608.
 - enlarge_chunks_in_place: 1.
 - use_allocation_guard: 0.


Internal statistics:

num_allocs_failed_limit: 6.
num_arena_births: 2246.
num_arena_deaths: 0.
num_vsnodes_births: 2.
num_vsnodes_deaths: 0.
num_space_committed: 760.
num_space_uncommitted: 0.
num_chunks_returned_to_freelist: 6.
num_chunks_taken_from_freelist: 3930.
num_chunk_merges: 6.
num_chunk_splits: 2560.
num_chunks_enlarged: 1613.
num_inconsistent_stats: 0.

CodeHeap 'non-profiled nmethods': size=120000Kb used=2127Kb max_used=2127Kb free=117872Kb
 bounds [0x000001fb6d440000, 0x000001fb6d6b0000, 0x000001fb74970000]
CodeHeap 'profiled nmethods': size=120000Kb used=7697Kb max_used=7697Kb free=112302Kb
 bounds [0x000001fb65970000, 0x000001fb66100000, 0x000001fb6cea0000]
CodeHeap 'non-nmethods': size=5760Kb used=1894Kb max_used=1923Kb free=3865Kb
 bounds [0x000001fb6cea0000, 0x000001fb6d110000, 0x000001fb6d440000]
 total_blobs=4677 nmethods=3991 adapters=590
 compilation: enabled
              stopped_count=0, restarted_count=0
 full_count=0

Compilation events (20 events):
Event: 8.776 Thread 0x000001fb7a0dd2a0 4369       1       org.gradle.cache.internal.btree.FileBackedBlockStore::access$300 (5 bytes)
Event: 8.776 Thread 0x000001fb7a0dd2a0 nmethod 4369 0x000001fb6d651d90 code [0x000001fb6d651f20, 0x000001fb6d651fd0]
Event: 8.777 Thread 0x000001fb7a0dd2a0 4371       2       java.util.Arrays::fill (21 bytes)
Event: 8.777 Thread 0x000001fb7a0dd2a0 nmethod 4371 0x000001fb660eb990 code [0x000001fb660ebb20, 0x000001fb660ebc78]
Event: 8.779 Thread 0x000001fb7a0dd2a0 4372       1       com.google.common.cache.LocalCache$StrongAccessEntry::setPreviousInAccessQueue (6 bytes)
Event: 8.779 Thread 0x000001fb7a0dd2a0 nmethod 4372 0x000001fb6d652090 code [0x000001fb6d652220, 0x000001fb6d652330]
Event: 8.779 Thread 0x000001fb7a0dd2a0 4373       2       org.gradle.internal.file.FileHierarchySet$Node::isChildOfOrThis (110 bytes)
Event: 8.780 Thread 0x000001fb7a0dd2a0 nmethod 4373 0x000001fb660ebd90 code [0x000001fb660ebf80, 0x000001fb660ec530]
Event: 8.780 Thread 0x000001fb7a0dd2a0 4374       2       com.google.common.collect.ImmutableMap$Builder::put (35 bytes)
Event: 8.781 Thread 0x000001fb7a0dd2a0 nmethod 4374 0x000001fb660eca10 code [0x000001fb660ecbe0, 0x000001fb660ecf78]
Event: 8.788 Thread 0x000001fb7a0dd2a0 4375       2       java.nio.ByteBuffer::clear (5 bytes)
Event: 8.788 Thread 0x000001fb7a0dd2a0 nmethod 4375 0x000001fb660ed110 code [0x000001fb660ed2c0, 0x000001fb660ed3f0]
Event: 8.794 Thread 0x000001fb7a0dd2a0 4376       1       com.google.common.cache.LocalCache$StrongAccessEntry::getNextInAccessQueue (5 bytes)
Event: 8.794 Thread 0x000001fb7a0dd2a0 nmethod 4376 0x000001fb6d652390 code [0x000001fb6d652520, 0x000001fb6d6525e8]
Event: 8.806 Thread 0x000001fb7a0dd2a0 4377       2       java.lang.invoke.DelegatingMethodHandle::<init> (10 bytes)
Event: 8.807 Thread 0x000001fb7a0dd2a0 nmethod 4377 0x000001fb660ed490 code [0x000001fb660ed640, 0x000001fb660ed808]
Event: 8.807 Thread 0x000001fb7a0dd2a0 4378       2       com.google.common.base.Equivalence::hash (12 bytes)
Event: 8.807 Thread 0x000001fb7a0dd2a0 nmethod 4378 0x000001fb660ed910 code [0x000001fb660edac0, 0x000001fb660edc20]
Event: 8.807 Thread 0x000001fb7a0dd2a0 4379       2       com.google.common.base.Preconditions::checkState (17 bytes)
Event: 8.807 Thread 0x000001fb7a0dd2a0 nmethod 4379 0x000001fb660edd10 code [0x000001fb660edee0, 0x000001fb660ee0e0]

GC Heap History (20 events):
Event: 0.934 GC heap before
{Heap before GC invocations=0 (full 0):
 garbage-first heap   total 98304K, used 26624K [0x0000000080000000, 0x0000000100000000)
  region size 1024K, 23 young (23552K), 0 survivors (0K)
 Metaspace       used 8201K, committed 8384K, reserved 1114112K
  class space    used 739K, committed 832K, reserved 1048576K
}
Event: 0.942 GC heap after
{Heap after GC invocations=1 (full 0):
 garbage-first heap   total 98304K, used 10752K [0x0000000080000000, 0x0000000100000000)
  region size 1024K, 3 young (3072K), 3 survivors (3072K)
 Metaspace       used 8201K, committed 8384K, reserved 1114112K
  class space    used 739K, committed 832K, reserved 1048576K
}
Event: 2.057 GC heap before
{Heap before GC invocations=1 (full 0):
 garbage-first heap   total 98304K, used 39424K [0x0000000080000000, 0x0000000100000000)
  region size 1024K, 32 young (32768K), 3 survivors (3072K)
 Metaspace       used 12065K, committed 12288K, reserved 1114112K
  class space    used 1268K, committed 1408K, reserved 1048576K
}
Event: 2.063 GC heap after
{Heap after GC invocations=2 (full 0):
 garbage-first heap   total 98304K, used 12251K [0x0000000080000000, 0x0000000100000000)
  region size 1024K, 2 young (2048K), 2 survivors (2048K)
 Metaspace       used 12065K, committed 12288K, reserved 1114112K
  class space    used 1268K, committed 1408K, reserved 1048576K
}
Event: 3.717 GC heap before
{Heap before GC invocations=2 (full 0):
 garbage-first heap   total 98304K, used 69595K [0x0000000080000000, 0x0000000100000000)
  region size 1024K, 57 young (58368K), 2 survivors (2048K)
 Metaspace       used 19423K, committed 19712K, reserved 1114112K
  class space    used 2173K, committed 2304K, reserved 1048576K
}
Event: 3.728 GC heap after
{Heap after GC invocations=3 (full 0):
 garbage-first heap   total 98304K, used 19990K [0x0000000080000000, 0x0000000100000000)
  region size 1024K, 8 young (8192K), 8 survivors (8192K)
 Metaspace       used 19423K, committed 19712K, reserved 1114112K
  class space    used 2173K, committed 2304K, reserved 1048576K
}
Event: 4.035 GC heap before
{Heap before GC invocations=3 (full 0):
 garbage-first heap   total 98304K, used 29206K [0x0000000080000000, 0x0000000100000000)
  region size 1024K, 18 young (18432K), 8 survivors (8192K)
 Metaspace       used 21151K, committed 21504K, reserved 1114112K
  class space    used 2428K, committed 2624K, reserved 1048576K
}
Event: 4.044 GC heap after
{Heap after GC invocations=4 (full 0):
 garbage-first heap   total 98304K, used 21574K [0x0000000080000000, 0x0000000100000000)
  region size 1024K, 2 young (2048K), 2 survivors (2048K)
 Metaspace       used 21151K, committed 21504K, reserved 1114112K
  class space    used 2428K, committed 2624K, reserved 1048576K
}
Event: 5.681 GC heap before
{Heap before GC invocations=5 (full 0):
 garbage-first heap   total 75776K, used 64582K [0x0000000080000000, 0x0000000100000000)
  region size 1024K, 44 young (45056K), 2 survivors (2048K)
 Metaspace       used 28391K, committed 28928K, reserved 1114112K
  class space    used 3576K, committed 3840K, reserved 1048576K
}
Event: 5.685 GC heap after
{Heap after GC invocations=6 (full 0):
 garbage-first heap   total 75776K, used 23714K [0x0000000080000000, 0x0000000100000000)
  region size 1024K, 4 young (4096K), 4 survivors (4096K)
 Metaspace       used 28391K, committed 28928K, reserved 1114112K
  class space    used 3576K, committed 3840K, reserved 1048576K
}
Event: 6.788 GC heap before
{Heap before GC invocations=6 (full 0):
 garbage-first heap   total 75776K, used 58530K [0x0000000080000000, 0x0000000100000000)
  region size 1024K, 39 young (39936K), 4 survivors (4096K)
 Metaspace       used 33260K, committed 34112K, reserved 1114112K
  class space    used 4393K, committed 4800K, reserved 1048576K
}
Event: 6.795 GC heap after
{Heap after GC invocations=7 (full 0):
 garbage-first heap   total 75776K, used 25627K [0x0000000080000000, 0x0000000100000000)
  region size 1024K, 5 young (5120K), 5 survivors (5120K)
 Metaspace       used 33260K, committed 34112K, reserved 1114112K
  class space    used 4393K, committed 4800K, reserved 1048576K
}
Event: 7.123 GC heap before
{Heap before GC invocations=7 (full 0):
 garbage-first heap   total 75776K, used 39963K [0x0000000080000000, 0x0000000100000000)
  region size 1024K, 20 young (20480K), 5 survivors (5120K)
 Metaspace       used 35230K, committed 36096K, reserved 1114112K
  class space    used 4700K, committed 5120K, reserved 1048576K
}
Event: 7.128 GC heap after
{Heap after GC invocations=8 (full 0):
 garbage-first heap   total 75776K, used 26576K [0x0000000080000000, 0x0000000100000000)
  region size 1024K, 4 young (4096K), 4 survivors (4096K)
 Metaspace       used 35230K, committed 36096K, reserved 1114112K
  class space    used 4700K, committed 5120K, reserved 1048576K
}
Event: 7.854 GC heap before
{Heap before GC invocations=9 (full 0):
 garbage-first heap   total 75776K, used 63440K [0x0000000080000000, 0x0000000100000000)
  region size 1024K, 40 young (40960K), 4 survivors (4096K)
 Metaspace       used 40388K, committed 41536K, reserved 1114112K
  class space    used 5528K, committed 6080K, reserved 1048576K
}
Event: 7.859 GC heap after
{Heap after GC invocations=10 (full 0):
 garbage-first heap   total 75776K, used 28963K [0x0000000080000000, 0x0000000100000000)
  region size 1024K, 3 young (3072K), 3 survivors (3072K)
 Metaspace       used 40388K, committed 41536K, reserved 1114112K
  class space    used 5528K, committed 6080K, reserved 1048576K
}
Event: 8.365 GC heap before
{Heap before GC invocations=10 (full 0):
 garbage-first heap   total 75776K, used 63779K [0x0000000080000000, 0x0000000100000000)
  region size 1024K, 38 young (38912K), 3 survivors (3072K)
 Metaspace       used 45273K, committed 46464K, reserved 1114112K
  class space    used 6001K, committed 6592K, reserved 1048576K
}
Event: 8.371 GC heap after
{Heap after GC invocations=11 (full 0):
 garbage-first heap   total 75776K, used 33240K [0x0000000080000000, 0x0000000100000000)
  region size 1024K, 5 young (5120K), 5 survivors (5120K)
 Metaspace       used 45273K, committed 46464K, reserved 1114112K
  class space    used 6001K, committed 6592K, reserved 1048576K
}
Event: 8.736 GC heap before
{Heap before GC invocations=11 (full 0):
 garbage-first heap   total 75776K, used 64984K [0x0000000080000000, 0x0000000100000000)
  region size 1024K, 36 young (36864K), 5 survivors (5120K)
 Metaspace       used 47088K, committed 48320K, reserved 1114112K
  class space    used 6278K, committed 6912K, reserved 1048576K
}
Event: 8.741 GC heap after
{Heap after GC invocations=12 (full 0):
 garbage-first heap   total 75776K, used 35486K [0x0000000080000000, 0x0000000100000000)
  region size 1024K, 2 young (2048K), 2 survivors (2048K)
 Metaspace       used 47088K, committed 48320K, reserved 1114112K
  class space    used 6278K, committed 6912K, reserved 1048576K
}

Dll operation events (3 events):
Event: 0.024 Loaded shared library C:\Program Files\Android\Android Studio\jbr\bin\java.dll
Event: 0.036 Loaded shared library C:\Program Files\Android\Android Studio\jbr\bin\zip.dll
Event: 0.912 Loaded shared library C:\Program Files\Android\Android Studio\jbr\bin\verify.dll

Deoptimization events (20 events):
Event: 8.671 Thread 0x000001fb0020e530 Uncommon trap: trap_request=0xffffffc6 fr.pc=0x000001fb6d60a838 relative=0x0000000000001498
Event: 8.671 Thread 0x000001fb0020e530 Uncommon trap: reason=bimorphic_or_optimized_type_check action=maybe_recompile pc=0x000001fb6d60a838 method=java.io.DataInputStream.readFully([BII)V @ 30 c2
Event: 8.671 Thread 0x000001fb0020e530 DEOPT PACKING pc=0x000001fb6d60a838 sp=0x00000032369fe130
Event: 8.671 Thread 0x000001fb0020e530 DEOPT UNPACKING pc=0x000001fb6cef46a2 sp=0x00000032369fe118 mode 2
Event: 8.678 Thread 0x000001fb0020e530 Uncommon trap: trap_request=0xffffffc6 fr.pc=0x000001fb6d6070d0 relative=0x0000000000000bd0
Event: 8.678 Thread 0x000001fb0020e530 Uncommon trap: reason=bimorphic_or_optimized_type_check action=maybe_recompile pc=0x000001fb6d6070d0 method=java.io.BufferedInputStream.implRead([BII)I @ 100 c2
Event: 8.678 Thread 0x000001fb0020e530 DEOPT PACKING pc=0x000001fb6d6070d0 sp=0x00000032369fe1a0
Event: 8.678 Thread 0x000001fb0020e530 DEOPT UNPACKING pc=0x000001fb6cef46a2 sp=0x00000032369fe168 mode 2
Event: 8.696 Thread 0x000001fb0020e530 Uncommon trap: trap_request=0xffffffc6 fr.pc=0x000001fb6d6070d0 relative=0x0000000000000bd0
Event: 8.696 Thread 0x000001fb0020e530 Uncommon trap: reason=bimorphic_or_optimized_type_check action=maybe_recompile pc=0x000001fb6d6070d0 method=java.io.BufferedInputStream.implRead([BII)I @ 100 c2
Event: 8.696 Thread 0x000001fb0020e530 DEOPT PACKING pc=0x000001fb6d6070d0 sp=0x00000032369fe130
Event: 8.696 Thread 0x000001fb0020e530 DEOPT UNPACKING pc=0x000001fb6cef46a2 sp=0x00000032369fe0f8 mode 2
Event: 8.703 Thread 0x000001fb0020e530 Uncommon trap: trap_request=0xffffffc6 fr.pc=0x000001fb6d6070d0 relative=0x0000000000000bd0
Event: 8.703 Thread 0x000001fb0020e530 Uncommon trap: reason=bimorphic_or_optimized_type_check action=maybe_recompile pc=0x000001fb6d6070d0 method=java.io.BufferedInputStream.implRead([BII)I @ 100 c2
Event: 8.703 Thread 0x000001fb0020e530 DEOPT PACKING pc=0x000001fb6d6070d0 sp=0x00000032369fe130
Event: 8.703 Thread 0x000001fb0020e530 DEOPT UNPACKING pc=0x000001fb6cef46a2 sp=0x00000032369fe0f8 mode 2
Event: 8.707 Thread 0x000001fb0020e530 Uncommon trap: trap_request=0xffffffc6 fr.pc=0x000001fb6d6070d0 relative=0x0000000000000bd0
Event: 8.707 Thread 0x000001fb0020e530 Uncommon trap: reason=bimorphic_or_optimized_type_check action=maybe_recompile pc=0x000001fb6d6070d0 method=java.io.BufferedInputStream.implRead([BII)I @ 100 c2
Event: 8.707 Thread 0x000001fb0020e530 DEOPT PACKING pc=0x000001fb6d6070d0 sp=0x00000032369fe130
Event: 8.707 Thread 0x000001fb0020e530 DEOPT UNPACKING pc=0x000001fb6cef46a2 sp=0x00000032369fe0f8 mode 2

Classes loaded (20 events):
Event: 8.290 Loading class jdk/internal/jimage/ImageReader$Resource
Event: 8.290 Loading class jdk/internal/jimage/ImageReader$Resource done
Event: 8.383 Loading class java/util/WeakHashMap$KeyIterator
Event: 8.383 Loading class java/util/WeakHashMap$HashIterator
Event: 8.383 Loading class java/util/WeakHashMap$HashIterator done
Event: 8.383 Loading class java/util/WeakHashMap$KeyIterator done
Event: 8.402 Loading class java/lang/ThreadLocal$SuppliedThreadLocal
Event: 8.402 Loading class java/lang/ThreadLocal$SuppliedThreadLocal done
Event: 8.425 Loading class sun/nio/fs/WindowsPath$1
Event: 8.425 Loading class sun/nio/fs/WindowsPath$1 done
Event: 8.426 Loading class sun/nio/fs/WindowsException
Event: 8.426 Loading class sun/nio/fs/WindowsException done
Event: 8.467 Loading class java/util/Collections$SynchronizedRandomAccessList
Event: 8.467 Loading class java/util/Collections$SynchronizedList
Event: 8.467 Loading class java/util/Collections$SynchronizedList done
Event: 8.467 Loading class java/util/Collections$SynchronizedRandomAccessList done
Event: 8.497 Loading class java/util/regex/Pattern$Pos
Event: 8.497 Loading class java/util/regex/Pattern$Pos done
Event: 8.681 Loading class java/nio/charset/CharacterCodingException
Event: 8.681 Loading class java/nio/charset/CharacterCodingException done

Classes unloaded (0 events):
No events

Classes redefined (0 events):
No events

Internal exceptions (20 events):
Event: 8.134 Thread 0x000001fb00210600 Exception <a 'java/lang/ClassNotFoundException'{0x0000000083fc0470}: groovy/lang/MetaClassImplCustomizer> (0x0000000083fc0470) 
thrown [s\src\hotspot\share\classfile\systemDictionary.cpp, line 312]
Event: 8.137 Thread 0x000001fb00210600 Exception <a 'java/lang/ClassNotFoundException'{0x0000000083fe80f8}: groovy/lang/ExpandoMetaClassCustomizer> (0x0000000083fe80f8) 
thrown [s\src\hotspot\share\classfile\systemDictionary.cpp, line 312]
Event: 8.388 Thread 0x000001fb00210600 Exception <a 'java/lang/ClassNotFoundException'{0x00000000855d0db0}: org/gradle/internal/extensibility/DefaultExtraPropertiesExtensionBeanInfo> (0x00000000855d0db0) 
thrown [s\src\hotspot\share\classfile\systemDictionary.cpp, line 312]
Event: 8.389 Thread 0x000001fb00210600 Exception <a 'java/lang/ClassNotFoundException'{0x00000000855d8f78}: groovy/lang/GroovyObjectSupportBeanInfo> (0x00000000855d8f78) 
thrown [s\src\hotspot\share\classfile\systemDictionary.cpp, line 312]
Event: 8.389 Thread 0x000001fb00210600 Exception <a 'java/lang/ClassNotFoundException'{0x00000000855e1148}: groovy/lang/GroovyObjectSupportCustomizer> (0x00000000855e1148) 
thrown [s\src\hotspot\share\classfile\systemDictionary.cpp, line 312]
Event: 8.392 Thread 0x000001fb00210600 Exception <a 'java/lang/ClassNotFoundException'{0x00000000855fada8}: org/gradle/internal/extensibility/DefaultExtraPropertiesExtensionCustomizer> (0x00000000855fada8) 
thrown [s\src\hotspot\share\classfile\systemDictionary.cpp, line 312]
Event: 8.396 Thread 0x000001fb00210600 Exception <a 'java/lang/IncompatibleClassChangeError'{0x0000000085415f60}: Found class java.lang.Object, but interface was expected> (0x0000000085415f60) 
thrown [s\src\hotspot\share\interpreter\linkResolver.cpp, line 851]
Event: 8.426 Thread 0x000001fb00210600 Exception <a 'sun/nio/fs/WindowsException'{0x00000000854ff240}> (0x00000000854ff240) 
thrown [s\src\hotspot\share\prims\jni.cpp, line 535]
Event: 8.428 Thread 0x000001fb00210600 Exception <a 'sun/nio/fs/WindowsException'{0x0000000084600998}> (0x0000000084600998) 
thrown [s\src\hotspot\share\prims\jni.cpp, line 535]
Event: 8.429 Thread 0x000001fb00210600 Exception <a 'sun/nio/fs/WindowsException'{0x0000000084601e40}> (0x0000000084601e40) 
thrown [s\src\hotspot\share\prims\jni.cpp, line 535]
Event: 8.429 Thread 0x000001fb00210600 Exception <a 'sun/nio/fs/WindowsException'{0x0000000084602f30}> (0x0000000084602f30) 
thrown [s\src\hotspot\share\prims\jni.cpp, line 535]
Event: 8.452 Thread 0x000001fb00210600 Exception <a 'java/lang/NoSuchMethodError'{0x0000000084530f38}: 'java.lang.Object java.lang.invoke.Invokers$Holder.invoker(java.lang.Object, java.lang.Object, java.lang.Object, java.lang.Object, java.lang.Object, java.lang.Object)'> (0x0000000084530f38) 
thrown [s\src\hotspot\share\interpreter\linkResolver.cpp, line 784]
Event: 8.477 Thread 0x000001fb00210600 Exception <a 'java/lang/NoSuchMethodError'{0x0000000084407a88}: 'java.lang.Object java.lang.invoke.Invokers$Holder.invoker(java.lang.Object, java.lang.Object, java.lang.Object, java.lang.Object, java.lang.Object)'> (0x0000000084407a88) 
thrown [s\src\hotspot\share\interpreter\linkResolver.cpp, line 784]
Event: 8.481 Thread 0x000001fb00210600 Exception <a 'java/lang/NoSuchMethodError'{0x00000000844277e8}: 'java.lang.Object java.lang.invoke.Invokers$Holder.invoker(java.lang.Object, java.lang.Object, java.lang.Object, java.lang.Object, java.lang.Object, java.lang.Object, java.lang.Object, java.lang.Object, java.lang.Object, java.lang.Object, java.lang.Object, java.lang.Object, java.lang.Object, java.lang.Object, java.lang.Object, java.lang.Object, java.lang.Object, java.lang.Object, java.lang.Object, java.lang.Object, java.lang.Object, java.lang.
Event: 8.481 Thread 0x000001fb00210600 Exception <a 'java/lang/NoSuchMethodError'{0x000000008442dda8}: 'java.lang.Object java.lang.invoke.DelegatingMethodHandle$Holder.delegate(java.lang.Object, java.lang.Object, java.lang.Object, java.lang.Object, java.lang.Object, java.lang.Object, java.lang.Object, java.lang.Object, java.lang.Object, java.lang.Object, java.lang.Object, java.lang.Object, java.lang.Object, java.lang.Object, java.lang.Object, java.lang.Object, java.lang.Object, java.lang.Object, java.lang.Object, java.lang.Object, java.lang.Obj
Event: 8.634 Thread 0x000001fb00210600 Exception <a 'java/lang/IncompatibleClassChangeError'{0x0000000082eac060}: Found class java.lang.Object, but interface was expected> (0x0000000082eac060) 
thrown [s\src\hotspot\share\interpreter\linkResolver.cpp, line 851]
Event: 8.650 Thread 0x000001fb00210600 Exception <a 'java/lang/NoSuchMethodError'{0x0000000082d5b458}: 'java.lang.Object java.lang.invoke.DirectMethodHandle$Holder.newInvokeSpecial(java.lang.Object, java.lang.Object, long)'> (0x0000000082d5b458) 
thrown [s\src\hotspot\share\interpreter\linkResolver.cpp, line 784]
Event: 8.650 Thread 0x000001fb00210600 Exception <a 'java/lang/NoSuchMethodError'{0x0000000082d5fa80}: 'java.lang.Object java.lang.invoke.Invokers$Holder.linkToTargetMethod(java.lang.Object, long, java.lang.Object)'> (0x0000000082d5fa80) 
thrown [s\src\hotspot\share\interpreter\linkResolver.cpp, line 784]
Event: 8.671 Thread 0x000001fb0020e530 Implicit null exception at 0x000001fb6d6080cf to 0x000001fb6d608440
Event: 8.692 Thread 0x000001fb00210600 Exception <a 'java/lang/NoSuchMethodError'{0x0000000082ce78b0}: 'int java.lang.invoke.DirectMethodHandle$Holder.invokeInterface(java.lang.Object, java.lang.Object)'> (0x0000000082ce78b0) 
thrown [s\src\hotspot\share\interpreter\linkResolver.cpp, line 784]

ZGC Phase Switch (0 events):
No events

VM Operations (20 events):
Event: 8.211 Executing VM operation: HandshakeAllThreads (Deoptimize)
Event: 8.212 Executing VM operation: HandshakeAllThreads (Deoptimize) done
Event: 8.216 Executing VM operation: HandshakeAllThreads (Deoptimize)
Event: 8.216 Executing VM operation: HandshakeAllThreads (Deoptimize) done
Event: 8.226 Executing VM operation: HandshakeAllThreads (Deoptimize)
Event: 8.226 Executing VM operation: HandshakeAllThreads (Deoptimize) done
Event: 8.288 Executing VM operation: HandshakeAllThreads (Deoptimize)
Event: 8.288 Executing VM operation: HandshakeAllThreads (Deoptimize) done
Event: 8.365 Executing VM operation: G1CollectForAllocation (G1 Evacuation Pause)
Event: 8.371 Executing VM operation: G1CollectForAllocation (G1 Evacuation Pause) done
Event: 8.427 Executing VM operation: HandshakeAllThreads (Deoptimize)
Event: 8.427 Executing VM operation: HandshakeAllThreads (Deoptimize) done
Event: 8.638 Executing VM operation: HandshakeAllThreads (Deoptimize)
Event: 8.638 Executing VM operation: HandshakeAllThreads (Deoptimize) done
Event: 8.667 Executing VM operation: HandshakeAllThreads (Deoptimize)
Event: 8.667 Executing VM operation: HandshakeAllThreads (Deoptimize) done
Event: 8.669 Executing VM operation: HandshakeAllThreads (Deoptimize)
Event: 8.669 Executing VM operation: HandshakeAllThreads (Deoptimize) done
Event: 8.736 Executing VM operation: G1CollectForAllocation (G1 Evacuation Pause)
Event: 8.741 Executing VM operation: G1CollectForAllocation (G1 Evacuation Pause) done

Memory protections (0 events):
No events

Nmethod flushes (20 events):
Event: 7.146 Thread 0x000001fb79f10090 flushing  nmethod 0x000001fb65a2ae90
Event: 7.146 Thread 0x000001fb79f10090 flushing  nmethod 0x000001fb65a2b790
Event: 7.146 Thread 0x000001fb79f10090 flushing  nmethod 0x000001fb65a2c390
Event: 7.146 Thread 0x000001fb79f10090 flushing  nmethod 0x000001fb65a2c710
Event: 7.146 Thread 0x000001fb79f10090 flushing  nmethod 0x000001fb65a92a10
Event: 7.146 Thread 0x000001fb79f10090 flushing  nmethod 0x000001fb65a93010
Event: 7.146 Thread 0x000001fb79f10090 flushing  nmethod 0x000001fb65a93590
Event: 7.146 Thread 0x000001fb79f10090 flushing  nmethod 0x000001fb65a98790
Event: 7.146 Thread 0x000001fb79f10090 flushing  nmethod 0x000001fb65ae1010
Event: 7.146 Thread 0x000001fb79f10090 flushing  nmethod 0x000001fb65ae1c10
Event: 7.146 Thread 0x000001fb79f10090 flushing  nmethod 0x000001fb65ae2110
Event: 7.146 Thread 0x000001fb79f10090 flushing  nmethod 0x000001fb65ae2610
Event: 7.146 Thread 0x000001fb79f10090 flushing  nmethod 0x000001fb65b04b90
Event: 7.146 Thread 0x000001fb79f10090 flushing  nmethod 0x000001fb65b07490
Event: 7.146 Thread 0x000001fb79f10090 flushing  nmethod 0x000001fb65b07e90
Event: 7.146 Thread 0x000001fb79f10090 flushing  nmethod 0x000001fb65b43510
Event: 7.146 Thread 0x000001fb79f10090 flushing  nmethod 0x000001fb65c21310
Event: 7.146 Thread 0x000001fb79f10090 flushing  nmethod 0x000001fb65c82f90
Event: 7.146 Thread 0x000001fb79f10090 flushing  nmethod 0x000001fb65d9e490
Event: 7.146 Thread 0x000001fb79f10090 flushing  nmethod 0x000001fb65df8690

Events (20 events):
Event: 3.817 Thread 0x000001fb00032010 Thread added: 0x000001fb0002fed0
Event: 3.878 Thread 0x000001fb00032010 Thread added: 0x000001fb0005dbd0
Event: 3.891 Thread 0x000001fb00032010 Thread added: 0x000001fb00210600
Event: 3.907 Thread 0x000001fb00210600 Thread added: 0x000001fb0020f250
Event: 3.913 Thread 0x000001fb00210600 Thread added: 0x000001fb0020ff70
Event: 3.916 Thread 0x000001fb00210600 Thread added: 0x000001fb0020dea0
Event: 4.939 Thread 0x000001fb00210600 Thread added: 0x000001fb0020d810
Event: 4.954 Thread 0x000001fb00210600 Thread added: 0x000001fb0020d180
Event: 4.994 Thread 0x000001fb00210600 Thread added: 0x000001fb0020e530
Event: 6.183 Thread 0x000001fb7a0dd2a0 Thread added: 0x000001fb018db810
Event: 6.402 Thread 0x000001fb00210600 Thread added: 0x000001fb0020ebc0
Event: 6.426 Thread 0x000001fb00210600 Thread added: 0x000001fb0020f8e0
Event: 6.828 Thread 0x000001fb00210600 Thread added: 0x000001fb0300cb20
Event: 6.839 Thread 0x000001fb00210600 Thread added: 0x000001fb0300a3c0
Event: 7.140 Thread 0x000001fb00210600 Thread added: 0x000001fb0300be00
Event: 7.203 Thread 0x000001fb00210600 Thread added: 0x000001fb0300aa50
Event: 7.373 Thread 0x000001fb00210600 Thread added: 0x000001fb0300d1b0
Event: 7.557 Thread 0x000001fb00210600 Thread added: 0x000001fb0300b0e0
Event: 8.198 Thread 0x000001fb018db810 Thread exited: 0x000001fb018db810
Event: 8.239 Thread 0x000001fb7a085b00 Thread added: 0x000001fb00cfad90


Dynamic libraries:
0x00007ff6ff290000 - 0x00007ff6ff29a000 	C:\Program Files\Android\Android Studio\jbr\bin\java.exe
0x00007ffdffed0000 - 0x00007ffe000c8000 	C:\Windows\SYSTEM32\ntdll.dll
0x00007ffdfe090000 - 0x00007ffdfe152000 	C:\Windows\System32\KERNEL32.DLL
0x00007ffdfd970000 - 0x00007ffdfdc66000 	C:\Windows\System32\KERNELBASE.dll
0x00007ffdfd870000 - 0x00007ffdfd970000 	C:\Windows\System32\ucrtbase.dll
0x00007ffded110000 - 0x00007ffded12b000 	C:\Program Files\Android\Android Studio\jbr\bin\VCRUNTIME140.dll
0x00007ffdfabe0000 - 0x00007ffdfabf8000 	C:\Program Files\Android\Android Studio\jbr\bin\jli.dll
0x00007ffdff0d0000 - 0x00007ffdff26d000 	C:\Windows\System32\USER32.dll
0x00007ffdfd590000 - 0x00007ffdfd5b2000 	C:\Windows\System32\win32u.dll
0x00007ffdfeeb0000 - 0x00007ffdfeedb000 	C:\Windows\System32\GDI32.dll
0x00007ffdfdd40000 - 0x00007ffdfde5a000 	C:\Windows\System32\gdi32full.dll
0x00007ffdfd720000 - 0x00007ffdfd7bd000 	C:\Windows\System32\msvcp_win.dll
0x00007ffdecb30000 - 0x00007ffdecdca000 	C:\Windows\WinSxS\amd64_microsoft.windows.common-controls_6595b64144ccf1df_6.0.19041.4355_none_60b8b9eb71f62e16\COMCTL32.dll
0x00007ffdff270000 - 0x00007ffdff30e000 	C:\Windows\System32\msvcrt.dll
0x00007ffdff0a0000 - 0x00007ffdff0cf000 	C:\Windows\System32\IMM32.DLL
0x00007ffdd47a0000 - 0x00007ffdd47ac000 	C:\Program Files\Android\Android Studio\jbr\bin\vcruntime140_1.dll
0x00007ffdf3a20000 - 0x00007ffdf3aad000 	C:\Program Files\Android\Android Studio\jbr\bin\msvcp140.dll
0x00007ffd48020000 - 0x00007ffd48cab000 	C:\Program Files\Android\Android Studio\jbr\bin\server\jvm.dll
0x00007ffdfecb0000 - 0x00007ffdfed5f000 	C:\Windows\System32\ADVAPI32.dll
0x00007ffdfe2f0000 - 0x00007ffdfe38f000 	C:\Windows\System32\sechost.dll
0x00007ffdfdef0000 - 0x00007ffdfe013000 	C:\Windows\System32\RPCRT4.dll
0x00007ffdfd560000 - 0x00007ffdfd587000 	C:\Windows\System32\bcrypt.dll
0x00007ffdfed70000 - 0x00007ffdfeddb000 	C:\Windows\System32\WS2_32.dll
0x00007ffdfd3c0000 - 0x00007ffdfd40b000 	C:\Windows\SYSTEM32\POWRPROF.dll
0x00007ffdf25e0000 - 0x00007ffdf2607000 	C:\Windows\SYSTEM32\WINMM.dll
0x00007ffdf4370000 - 0x00007ffdf437a000 	C:\Windows\SYSTEM32\VERSION.dll
0x00007ffdfd3a0000 - 0x00007ffdfd3b2000 	C:\Windows\SYSTEM32\UMPDC.dll
0x00007ffdfb3e0000 - 0x00007ffdfb3f2000 	C:\Windows\SYSTEM32\kernel.appcore.dll
0x00007ffdd38f0000 - 0x00007ffdd38fa000 	C:\Program Files\Android\Android Studio\jbr\bin\jimage.dll
0x00007ffdee020000 - 0x00007ffdee204000 	C:\Windows\SYSTEM32\DBGHELP.DLL
0x00007ffdee410000 - 0x00007ffdee444000 	C:\Windows\SYSTEM32\dbgcore.DLL
0x00007ffdfde60000 - 0x00007ffdfdee2000 	C:\Windows\System32\bcryptPrimitives.dll
0x00007ffdefb30000 - 0x00007ffdefb3e000 	C:\Program Files\Android\Android Studio\jbr\bin\instrument.dll
0x00007ffdbe1b0000 - 0x00007ffdbe1d0000 	C:\Program Files\Android\Android Studio\jbr\bin\java.dll
0x00007ffdbd620000 - 0x00007ffdbd638000 	C:\Program Files\Android\Android Studio\jbr\bin\zip.dll
0x00007ffdff600000 - 0x00007ffdffd6f000 	C:\Windows\System32\SHELL32.dll
0x00007ffdfb5e0000 - 0x00007ffdfbd83000 	C:\Windows\SYSTEM32\windows.storage.dll
0x00007ffdfe820000 - 0x00007ffdfeb75000 	C:\Windows\System32\combase.dll
0x00007ffdfcec0000 - 0x00007ffdfceeb000 	C:\Windows\SYSTEM32\Wldp.dll
0x00007ffdfede0000 - 0x00007ffdfeead000 	C:\Windows\System32\OLEAUT32.dll
0x00007ffdfe240000 - 0x00007ffdfe2ed000 	C:\Windows\System32\SHCORE.dll
0x00007ffdffd70000 - 0x00007ffdffdc5000 	C:\Windows\System32\shlwapi.dll
0x00007ffdfd490000 - 0x00007ffdfd4b5000 	C:\Windows\SYSTEM32\profapi.dll
0x00007ffdd3470000 - 0x00007ffdd3480000 	C:\Program Files\Android\Android Studio\jbr\bin\net.dll
0x00007ffdf51b0000 - 0x00007ffdf52ba000 	C:\Windows\SYSTEM32\WINHTTP.dll
0x00007ffdfcc20000 - 0x00007ffdfcc8c000 	C:\Windows\system32\mswsock.dll
0x00007ffdbcaf0000 - 0x00007ffdbcb06000 	C:\Program Files\Android\Android Studio\jbr\bin\nio.dll
0x00007ffdbc790000 - 0x00007ffdbc7a0000 	C:\Program Files\Android\Android Studio\jbr\bin\verify.dll
0x00007ffdf3c20000 - 0x00007ffdf3c47000 	C:\Users\Isa\.gradle\native\c067742578af261105cb4f569cf0c3c89f3d7b1fecec35dd04571415982c5e48\windows-amd64\native-platform.dll
0x00007ffde5f50000 - 0x00007ffde6094000 	C:\Users\Isa\.gradle\native\100fb08df4bc3b14c8652ba06237920a3bd2aa13389f12d3474272988ae205f9\windows-amd64\native-platform-file-events.dll
0x00007ffdc41a0000 - 0x00007ffdc41a9000 	C:\Program Files\Android\Android Studio\jbr\bin\management.dll
0x00007ffdbd750000 - 0x00007ffdbd75b000 	C:\Program Files\Android\Android Studio\jbr\bin\management_ext.dll
0x00007ffdfe020000 - 0x00007ffdfe028000 	C:\Windows\System32\PSAPI.DLL
0x00007ffdfce10000 - 0x00007ffdfce28000 	C:\Windows\SYSTEM32\CRYPTSP.dll
0x00007ffdfc540000 - 0x00007ffdfc578000 	C:\Windows\system32\rsaenh.dll
0x00007ffdfd410000 - 0x00007ffdfd43e000 	C:\Windows\SYSTEM32\USERENV.dll
0x00007ffdfce30000 - 0x00007ffdfce3c000 	C:\Windows\SYSTEM32\CRYPTBASE.dll
0x00007ffdfc900000 - 0x00007ffdfc93b000 	C:\Windows\SYSTEM32\IPHLPAPI.DLL
0x00007ffdfe810000 - 0x00007ffdfe818000 	C:\Windows\System32\NSI.dll
0x00007ffdc5360000 - 0x00007ffdc5369000 	C:\Program Files\Android\Android Studio\jbr\bin\extnet.dll
0x00007ffda3830000 - 0x00007ffda3837000 	C:\Windows\system32\wshunix.dll

dbghelp: loaded successfully - version: 4.0.5 - missing functions: none
symbol engine: initialized successfully - sym options: 0x614 - pdb path: .;C:\Program Files\Android\Android Studio\jbr\bin;C:\Windows\SYSTEM32;C:\Windows\WinSxS\amd64_microsoft.windows.common-controls_6595b64144ccf1df_6.0.19041.4355_none_60b8b9eb71f62e16;C:\Program Files\Android\Android Studio\jbr\bin\server;C:\Users\Isa\.gradle\native\c067742578af261105cb4f569cf0c3c89f3d7b1fecec35dd04571415982c5e48\windows-amd64;C:\Users\Isa\.gradle\native\100fb08df4bc3b14c8652ba06237920a3bd2aa13389f12d3474272988ae205f9\windows-amd64

VM Arguments:
jvm_args: --add-opens=java.base/java.util=ALL-UNNAMED --add-opens=java.base/java.lang=ALL-UNNAMED --add-opens=java.base/java.lang.invoke=ALL-UNNAMED --add-opens=java.prefs/java.util.prefs=ALL-UNNAMED --add-exports=jdk.compiler/com.sun.tools.javac.api=ALL-UNNAMED --add-exports=jdk.compiler/com.sun.tools.javac.util=ALL-UNNAMED --add-opens=java.base/java.nio.charset=ALL-UNNAMED --add-opens=java.base/java.net=ALL-UNNAMED --add-opens=java.base/java.util.concurrent.atomic=ALL-UNNAMED -Xmx2048m -Dfile.encoding=UTF-8 -Duser.country=BR -Duser.language=pt -Duser.variant -javaagent:C:\Users\Isa\.gradle\wrapper\dists\gradle-8.9-bin\90cnw93cvbtalezasaz0blq0a\gradle-8.9\lib\agents\gradle-instrumentation-agent-8.9.jar 
java_command: org.gradle.launcher.daemon.bootstrap.GradleDaemon 8.9
java_class_path (initial): C:\Users\Isa\.gradle\wrapper\dists\gradle-8.9-bin\90cnw93cvbtalezasaz0blq0a\gradle-8.9\lib\gradle-daemon-main-8.9.jar
Launcher Type: SUN_STANDARD

[Global flags]
     intx CICompilerCount                          = 4                                         {product} {ergonomic}
     uint ConcGCThreads                            = 2                                         {product} {ergonomic}
     uint G1ConcRefinementThreads                  = 8                                         {product} {ergonomic}
   size_t G1HeapRegionSize                         = 1048576                                   {product} {ergonomic}
    uintx GCDrainStackTargetSize                   = 64                                        {product} {ergonomic}
   size_t InitialHeapSize                          = 100663296                                 {product} {ergonomic}
   size_t MarkStackSize                            = 4194304                                   {product} {ergonomic}
   size_t MaxHeapSize                              = 2147483648                                {product} {command line}
   size_t MaxNewSize                               = 1287651328                                {product} {ergonomic}
   size_t MinHeapDeltaBytes                        = 1048576                                   {product} {ergonomic}
   size_t MinHeapSize                              = 8388608                                   {product} {ergonomic}
    uintx NonNMethodCodeHeapSize                   = 5839372                                {pd product} {ergonomic}
    uintx NonProfiledCodeHeapSize                  = 122909434                              {pd product} {ergonomic}
    uintx ProfiledCodeHeapSize                     = 122909434                              {pd product} {ergonomic}
    uintx ReservedCodeCacheSize                    = 251658240                              {pd product} {ergonomic}
     bool SegmentedCodeCache                       = true                                      {product} {ergonomic}
   size_t SoftMaxHeapSize                          = 2147483648                             {manageable} {ergonomic}
     bool UseCompressedOops                        = true                           {product lp64_product} {ergonomic}
     bool UseG1GC                                  = true                                      {product} {ergonomic}
     bool UseLargePagesIndividualAllocation        = false                                  {pd product} {ergonomic}

Logging:
Log output configuration:
 #0: stdout all=warning uptime,level,tags foldmultilines=false
 #1: stderr all=off uptime,level,tags foldmultilines=false

Environment Variables:
PATH=C:\app\Isa\product\21c\dbhomeXE\bin;C:\Program Files (x86)\Common Files\Oracle\Java\java8path;C:\Program Files (x86)\Common Files\Oracle\Java\javapath;C:\Windows\system32;C:\Windows;C:\Windows\System32\Wbem;C:\Windows\System32\WindowsPowerShell\v1.0\;C:\Windows\System32\OpenSSH\;C:\Program Files (x86)\Windows Kits\10\Windows Performance Toolkit\;C:\Program Files (x86)\Windows Live\Shared;C:\Program Files\nodejs\;C:\Program Files\Git\cmd;C:\Windows\System32;C:\MinGW\bin;C:\Users\Isa\AppData\Local\Programs\Python\Python312\Scripts\;C:\Users\Isa\AppData\Local\Programs\Python\Python312\;C:\Users\Isa\AppData\Local\Microsoft\WindowsApps;C:\Users\Isa\AppData\Local\Programs\Microsoft VS Code\bin;C:\Users\Isa\AppData\Local\Microsoft\WinGet\Packages\Schniz.fnm_Microsoft.Winget.Source_8wekyb3d8bbwe;C:\Users\Isa\AppData\Roaming\npm;C:\msys64\ucrt64\bin;C:\MinGW\bin;
USERNAME=Isa
OS=Windows_NT
PROCESSOR_IDENTIFIER=AMD64 Family 23 Model 24 Stepping 1, AuthenticAMD
TMP=C:\Users\Isa\AppData\Local\Temp
TEMP=C:\Users\Isa\AppData\Local\Temp




Periodic native trim disabled

JNI global refs:
JNI global refs: 24, weak refs: 3

JNI global refs memory usage: 835, weak refs: 833

Process memory usage:
Resident Set Size: 250604K (4% of 6226956K total physical memory with 388384K free physical memory)

OOME stack traces (most recent first):
Classloader memory used:
Loader org.gradle.internal.classloader.VisitableURLClassLoader                         : 21575K
Loader bootstrap                                                                       : 20938K
Loader org.gradle.initialization.MixInLegacyTypesClassLoader                           : 4211K
Loader jdk.internal.loader.ClassLoaders$PlatformClassLoader                            : 529K
Loader jdk.internal.loader.ClassLoaders$AppClassLoader                                 : 230K

Classes loaded by more than one classloader:
Class org.gradle.internal.classloader.FilteringClassLoader                            : loaded 2 times (x 101B)
Class org.gradle.internal.classloader.ClassLoaderHierarchy                            : loaded 2 times (x 66B)
Class org.gradle.api.internal.classpath.ManifestUtil                                  : loaded 2 times (x 67B)
Class org.gradle.internal.classloader.DefaultClassLoaderFactory                       : loaded 2 times (x 78B)
Class org.gradle.internal.classloader.ClassLoaderVisitor                              : loaded 2 times (x 72B)
Class org.gradle.api.internal.classpath.EffectiveClassPath                            : loaded 2 times (x 86B)
Class org.gradle.api.internal.DefaultClassPathProvider                                : loaded 2 times (x 72B)
Class [Lorg.gradle.api.internal.ClassPathProvider;                                    : loaded 2 times (x 65B)
Class org.gradle.api.internal.ClassPathProvider                                       : loaded 2 times (x 66B)
Class org.gradle.internal.service.UnknownServiceException                             : loaded 2 times (x 79B)
Class org.gradle.internal.classpath.TransformedClassPath                              : loaded 2 times (x 92B)
Class org.gradle.internal.service.ServiceLocator                                      : loaded 2 times (x 66B)
Class org.gradle.internal.InternalTransformer                                         : loaded 2 times (x 66B)
Class org.gradle.internal.classloader.ClasspathUtil$1                                 : loaded 2 times (x 72B)
Class org.gradle.api.internal.classpath.DefaultModuleRegistry$DefaultModule           : loaded 2 times (x 82B)
Class org.gradle.api.internal.classpath.Module                                        : loaded 2 times (x 66B)
Class org.gradle.api.internal.classpath.UnknownModuleException                        : loaded 2 times (x 78B)
Class org.gradle.api.internal.DefaultClassPathRegistry                                : loaded 2 times (x 72B)
Class org.gradle.api.internal.ClassPathRegistry                                       : loaded 2 times (x 66B)
Class org.gradle.internal.classpath.DefaultClassPath$ImmutableUniqueList              : loaded 2 times (x 195B)
Class org.gradle.internal.classpath.ClassPath                                         : loaded 2 times (x 66B)
Class org.gradle.api.UncheckedIOException                                             : loaded 2 times (x 78B)
Class org.gradle.internal.installation.GradleInstallation$1                           : loaded 2 times (x 71B)
Class org.gradle.api.internal.classpath.ModuleRegistry                                : loaded 2 times (x 66B)
Class org.gradle.api.internal.classpath.DefaultModuleRegistry                         : loaded 2 times (x 79B)
Class org.gradle.internal.service.ServiceLookupException                              : loaded 2 times (x 78B)
Class org.gradle.internal.classloader.ClassLoaderFactory                              : loaded 2 times (x 66B)
Class org.gradle.internal.service.CachingServiceLocator                               : loaded 2 times (x 78B)
Class org.gradle.internal.classloader.ClasspathUtil                                   : loaded 2 times (x 67B)
Class org.gradle.api.specs.Spec                                                       : loaded 2 times (x 66B)
Class org.gradle.internal.classloader.VisitableURLClassLoader$InstrumentingVisitableURLClassLoader: loaded 2 times (x 119B)
Class org.gradle.internal.classloader.VisitableURLClassLoader$Spec                    : loaded 2 times (x 70B)
Class org.gradle.internal.classpath.DefaultClassPath                                  : loaded 2 times (x 86B)
Class org.gradle.internal.classloader.ClassLoaderSpec                                 : loaded 2 times (x 67B)
Class org.gradle.internal.classloader.VisitableURLClassLoader                         : loaded 2 times (x 113B)
Class org.gradle.internal.Cast                                                        : loaded 2 times (x 67B)
Class org.gradle.api.Action                                                           : loaded 2 times (x 66B)
Class org.gradle.internal.agents.InstrumentingClassLoader                             : loaded 2 times (x 66B)
Class org.gradle.internal.classpath.DefaultClassPath$ImmutableUniqueList$Builder      : loaded 2 times (x 71B)
Class org.gradle.api.GradleException                                                  : loaded 2 times (x 78B)
Class org.gradle.internal.IoActions                                                   : loaded 2 times (x 67B)
Class org.gradle.internal.classloader.SystemClassLoaderSpec                           : loaded 2 times (x 67B)
Class org.gradle.internal.installation.CurrentGradleInstallationLocator               : loaded 2 times (x 67B)
Class org.gradle.internal.service.DefaultServiceLocator                               : loaded 2 times (x 79B)
Class org.gradle.internal.installation.CurrentGradleInstallation                      : loaded 2 times (x 69B)
Class org.gradle.util.internal.GUtil                                                  : loaded 2 times (x 67B)
Class org.gradle.internal.installation.GradleInstallation                             : loaded 2 times (x 71B)

---------------  S Y S T E M  ---------------

OS:
 Windows 10 , 64 bit Build 19041 (10.0.19041.5678)
OS uptime: 0 days 0:22 hours

CPU: total 8 (initial active 8) (8 cores per cpu, 2 threads per core) family 23 model 24 stepping 1 microcode 0x0, cx8, cmov, fxsr, ht, mmx, 3dnowpref, sse, sse2, sse3, ssse3, sse4a, sse4.1, sse4.2, popcnt, lzcnt, tsc, tscinvbit, avx, avx2, aes, clmul, bmi1, bmi2, adx, sha, fma, vzeroupper, clflush, clflushopt, rdtscp, f16c
Processor Information for the first 8 processors :
  Max Mhz: 2300, Current Mhz: 2300, Mhz Limit: 2300

Memory: 4k page, system-wide physical 6081M (380M free)
TotalPageFile size 15204M (AvailPageFile size 3M)
current process WorkingSet (physical memory assigned to process): 244M, peak: 249M
current process commit charge ("private bytes"): 284M, peak: 289M

vm_info: OpenJDK 64-Bit Server VM (21.0.6+-13355223-b631.42) for windows-amd64 JRE (21.0.6+-13355223-b631.42), built on 2025-04-14T18:21:23Z by "builder" with MS VC++ 16.10 / 16.11 (VS2019)

END.
