#
# There is insufficient memory for the Java Runtime Environment to continue.
# Native memory allocation (mmap) failed to map 9437184 bytes. Error detail: G1 virtual space
# Possible reasons:
#   The system is out of physical RAM or swap space
#   This process is running with CompressedOops enabled, and the Java Heap may be blocking the growth of the native heap
# Possible solutions:
#   Reduce memory load on the system
#   Increase physical memory or swap space
#   Check if swap backing store is full
#   Decrease Java heap size (-Xmx/-Xms)
#   Decrease number of Java threads
#   Decrease Java thread stack sizes (-Xss)
#   Set larger code cache with -XX:ReservedCodeCacheSize=
#   JVM is running with Unscaled Compressed Oops mode in which the Java heap is
#     placed in the first 4GB address space. The Java Heap base address is the
#     maximum limit for the native heap growth. Please use -XX:HeapBaseMinAddress
#     to set the Java Heap base and to place the Java Heap above 4GB virtual address.
# This output file may be truncated or incomplete.
#
#  Out of Memory Error (os_windows.cpp:3898), pid=1668, tid=17212
#
# JRE version: OpenJDK Runtime Environment (21.0.6) (build 21.0.6+-13355223-b631.42)
# Java VM: OpenJDK 64-Bit Server VM (21.0.6+-13355223-b631.42, mixed mode, tiered, compressed oops, compressed class ptrs, g1 gc, windows-amd64)
# No core dump will be written. Minidumps are not enabled by default on client versions of Windows
#

---------------  S U M M A R Y ------------

Command Line: --add-opens=java.base/java.util=ALL-UNNAMED --add-opens=java.base/java.lang=ALL-UNNAMED --add-opens=java.base/java.lang.invoke=ALL-UNNAMED --add-opens=java.prefs/java.util.prefs=ALL-UNNAMED --add-exports=jdk.compiler/com.sun.tools.javac.api=ALL-UNNAMED --add-exports=jdk.compiler/com.sun.tools.javac.util=ALL-UNNAMED --add-opens=java.base/java.nio.charset=ALL-UNNAMED --add-opens=java.base/java.net=ALL-UNNAMED --add-opens=java.base/java.util.concurrent.atomic=ALL-UNNAMED -Xmx2048m -Dfile.encoding=UTF-8 -Duser.country=BR -Duser.language=pt -Duser.variant -javaagent:C:\Users\Isa\.gradle\wrapper\dists\gradle-8.9-bin\90cnw93cvbtalezasaz0blq0a\gradle-8.9\lib\agents\gradle-instrumentation-agent-8.9.jar org.gradle.launcher.daemon.bootstrap.GradleDaemon 8.9

Host: AMD Ryzen 7 3700U with Radeon Vega Mobile Gfx  , 8 cores, 5G,  Windows 10 , 64 bit Build 19041 (10.0.19041.5678)
Time: Wed May  7 01:04:53 2025 Hora oficial do Brasil elapsed time: 11.359188 seconds (0d 0h 0m 11s)

---------------  T H R E A D  ---------------

Current thread (0x000001e7fc281cf0):  VMThread "VM Thread"          [id=17212, stack(0x000000999db00000,0x000000999dc00000) (1024K)]

Stack: [0x000000999db00000,0x000000999dc00000]
Native frames: (J=compiled Java code, j=interpreted, Vv=VM code, C=native code)
V  [jvm.dll+0x6d05a9]
V  [jvm.dll+0x85ea73]
V  [jvm.dll+0x860fce]
V  [jvm.dll+0x8616b3]
V  [jvm.dll+0x27e6e6]
V  [jvm.dll+0x6ccf45]
V  [jvm.dll+0x6c09fa]
V  [jvm.dll+0x35535b]
V  [jvm.dll+0x35cfb6]
V  [jvm.dll+0x3aef46]
V  [jvm.dll+0x3af218]
V  [jvm.dll+0x327a2c]
V  [jvm.dll+0x32a436]
V  [jvm.dll+0x33436d]
V  [jvm.dll+0x36b9e5]
V  [jvm.dll+0x867438]
V  [jvm.dll+0x8687b4]
V  [jvm.dll+0x868cf0]
V  [jvm.dll+0x868f83]
V  [jvm.dll+0x806e48]
V  [jvm.dll+0x6cee7d]
C  [ucrtbase.dll+0x21bb2]
C  [KERNEL32.DLL+0x17374]
C  [ntdll.dll+0x4cc91]

VM_Operation (0x000000999d6ff370): G1PauseRemark, mode: safepoint, requested by thread 0x000001e7e2bb5590


---------------  P R O C E S S  ---------------

Threads class SMR info:
_java_thread_list=0x000001e784fbeb70, length=53, elements={
0x000001e7e29c2670, 0x000001e7fc496bc0, 0x000001e7fc4999e0, 0x000001e7fc4b5b50,
0x000001e7fc4b65a0, 0x000001e7fc4b6ff0, 0x000001e7fc4b7a40, 0x000001e7fc4c1510,
0x000001e7fc4c1fa0, 0x000001e7fc26eeb0, 0x000001e7fc8770c0, 0x000001e7fdf5a170,
0x000001e7fdd6d520, 0x000001e7fe2bc5e0, 0x000001e7fd9f1d90, 0x000001e7fdfc2070,
0x000001e7fe25b770, 0x000001e7fe25c1e0, 0x000001e7fe1d0ff0, 0x000001e7fe1d0960,
0x000001e7fe1d3de0, 0x000001e7fe1d1680, 0x000001e7fe1d23a0, 0x000001e7fe1d1d10,
0x000001e7fe1d3750, 0x000001e78400aee0, 0x000001e78400e360, 0x000001e78400a850,
0x000001e78400c290, 0x000001e78400d640, 0x000001e78400b570, 0x000001e78400f080,
0x000001e784008e10, 0x000001e78400a1c0, 0x000001e7840094a0, 0x000001e784009b30,
0x000001e785a08370, 0x000001e785a0b160, 0x000001e785a06fc0, 0x000001e785a06930,
0x000001e785a0be80, 0x000001e785a0b7f0, 0x000001e785a08a00, 0x000001e785a09090,
0x000001e785a07650, 0x000001e785a04ef0, 0x000001e785a0a440, 0x000001e785a07ce0,
0x000001e785a09db0, 0x000001e785a0c510, 0x000001e785a0aad0, 0x000001e785a09720,
0x000001e785a05580
}

Java Threads: ( => current thread )
  0x000001e7e29c2670 JavaThread "main"                              [_thread_blocked, id=4976, stack(0x000000999d400000,0x000000999d500000) (1024K)]
  0x000001e7fc496bc0 JavaThread "Reference Handler"          daemon [_thread_blocked, id=4256, stack(0x000000999dc00000,0x000000999dd00000) (1024K)]
  0x000001e7fc4999e0 JavaThread "Finalizer"                  daemon [_thread_blocked, id=5604, stack(0x000000999dd00000,0x000000999de00000) (1024K)]
  0x000001e7fc4b5b50 JavaThread "Signal Dispatcher"          daemon [_thread_blocked, id=5592, stack(0x000000999de00000,0x000000999df00000) (1024K)]
  0x000001e7fc4b65a0 JavaThread "Attach Listener"            daemon [_thread_blocked, id=6744, stack(0x000000999df00000,0x000000999e000000) (1024K)]
  0x000001e7fc4b6ff0 JavaThread "Service Thread"             daemon [_thread_blocked, id=7452, stack(0x000000999e000000,0x000000999e100000) (1024K)]
  0x000001e7fc4b7a40 JavaThread "Monitor Deflation Thread"   daemon [_thread_blocked, id=1220, stack(0x000000999e100000,0x000000999e200000) (1024K)]
  0x000001e7fc4c1510 JavaThread "C2 CompilerThread0"         daemon [_thread_in_native, id=3448, stack(0x000000999e200000,0x000000999e300000) (1024K)]
  0x000001e7fc4c1fa0 JavaThread "C1 CompilerThread0"         daemon [_thread_blocked, id=14676, stack(0x000000999e300000,0x000000999e400000) (1024K)]
  0x000001e7fc26eeb0 JavaThread "Common-Cleaner"             daemon [_thread_blocked, id=14852, stack(0x000000999e400000,0x000000999e500000) (1024K)]
  0x000001e7fc8770c0 JavaThread "Notification Thread"        daemon [_thread_blocked, id=2340, stack(0x000000999e500000,0x000000999e600000) (1024K)]
  0x000001e7fdf5a170 JavaThread "Daemon health stats"               [_thread_blocked, id=10056, stack(0x000000999ea00000,0x000000999eb00000) (1024K)]
  0x000001e7fdd6d520 JavaThread "Incoming local TCP Connector on port 50325"        [_thread_in_native, id=17316, stack(0x000000999eb00000,0x000000999ec00000) (1024K)]
  0x000001e7fe2bc5e0 JavaThread "Daemon periodic checks"            [_thread_blocked, id=10044, stack(0x000000999ec00000,0x000000999ed00000) (1024K)]
  0x000001e7fd9f1d90 JavaThread "Daemon"                            [_thread_blocked, id=3380, stack(0x000000999f000000,0x000000999f100000) (1024K)]
  0x000001e7fdfc2070 JavaThread "Handler for socket connection from /127.0.0.1:50325 to /127.0.0.1:50326"        [_thread_in_native, id=13804, stack(0x000000999f100000,0x000000999f200000) (1024K)]
  0x000001e7fe25b770 JavaThread "Cancel handler"                    [_thread_blocked, id=16820, stack(0x000000999f200000,0x000000999f300000) (1024K)]
  0x000001e7fe25c1e0 JavaThread "Daemon worker"                     [_thread_blocked, id=16868, stack(0x000000999f300000,0x000000999f400000) (1024K)]
  0x000001e7fe1d0ff0 JavaThread "Asynchronous log dispatcher for DefaultDaemonConnection: socket connection from /127.0.0.1:50325 to /127.0.0.1:50326"        [_thread_blocked, id=4624, stack(0x000000999f400000,0x000000999f500000) (1024K)]
  0x000001e7fe1d0960 JavaThread "Stdin handler"                     [_thread_blocked, id=9732, stack(0x000000999f500000,0x000000999f600000) (1024K)]
  0x000001e7fe1d3de0 JavaThread "Daemon client event forwarder"        [_thread_blocked, id=17084, stack(0x000000999f600000,0x000000999f700000) (1024K)]
  0x000001e7fe1d1680 JavaThread "Cache worker for journal cache (C:\Users\Isa\.gradle\caches\journal-1)"        [_thread_blocked, id=6720, stack(0x000000999f800000,0x000000999f900000) (1024K)]
  0x000001e7fe1d23a0 JavaThread "File lock request listener"        [_thread_in_native, id=9136, stack(0x000000999f900000,0x000000999fa00000) (1024K)]
  0x000001e7fe1d1d10 JavaThread "Cache worker for file hash cache (C:\Users\Isa\.gradle\caches\8.9\fileHashes)"        [_thread_blocked, id=12452, stack(0x000000999fa00000,0x000000999fb00000) (1024K)]
  0x000001e7fe1d3750 JavaThread "Cache worker for file hash cache (C:\Users\Isa\Desktop\Isabela\source\PIFOTO\MyApplication\.gradle\8.9\fileHashes)"        [_thread_blocked, id=12168, stack(0x000000999fb00000,0x000000999fc00000) (1024K)]
  0x000001e78400aee0 JavaThread "Cache worker for Build Output Cleanup Cache (C:\Users\Isa\Desktop\Isabela\source\PIFOTO\MyApplication\.gradle\buildOutputCleanup)"        [_thread_blocked, id=8780, stack(0x000000999fc00000,0x000000999fd00000) (1024K)]
  0x000001e78400e360 JavaThread "File watcher server"        daemon [_thread_blocked, id=16960, stack(0x000000999fd00000,0x000000999fe00000) (1024K)]
  0x000001e78400a850 JavaThread "File watcher consumer"      daemon [_thread_blocked, id=4940, stack(0x000000999fe00000,0x000000999ff00000) (1024K)]
  0x000001e78400c290 JavaThread "Cache worker for checksums cache (C:\Users\Isa\Desktop\Isabela\source\PIFOTO\MyApplication\.gradle\8.9\checksums)"        [_thread_blocked, id=11456, stack(0x000000999ff00000,0x00000099a0000000) (1024K)]
  0x000001e78400d640 JavaThread "Cache worker for file content cache (C:\Users\Isa\.gradle\caches\8.9\fileContent)"        [_thread_blocked, id=9992, stack(0x00000099a0000000,0x00000099a0100000) (1024K)]
  0x000001e78400b570 JavaThread "Cache worker for cache directory md-rule (C:\Users\Isa\.gradle\caches\8.9\md-rule)"        [_thread_blocked, id=1912, stack(0x00000099a0100000,0x00000099a0200000) (1024K)]
  0x000001e78400f080 JavaThread "Cache worker for cache directory md-supplier (C:\Users\Isa\.gradle\caches\8.9\md-supplier)"        [_thread_blocked, id=4780, stack(0x00000099a0200000,0x00000099a0300000) (1024K)]
  0x000001e784008e10 JavaThread "Unconstrained build operations"        [_thread_blocked, id=9804, stack(0x00000099a0300000,0x00000099a0400000) (1024K)]
  0x000001e78400a1c0 JavaThread "Unconstrained build operations Thread 2"        [_thread_blocked, id=10000, stack(0x00000099a0400000,0x00000099a0500000) (1024K)]
  0x000001e7840094a0 JavaThread "Unconstrained build operations Thread 3"        [_thread_blocked, id=3416, stack(0x00000099a0500000,0x00000099a0600000) (1024K)]
  0x000001e784009b30 JavaThread "Unconstrained build operations Thread 4"        [_thread_blocked, id=1976, stack(0x00000099a0600000,0x00000099a0700000) (1024K)]
  0x000001e785a08370 JavaThread "Unconstrained build operations Thread 5"        [_thread_blocked, id=12656, stack(0x00000099a0700000,0x00000099a0800000) (1024K)]
  0x000001e785a0b160 JavaThread "Unconstrained build operations Thread 6"        [_thread_blocked, id=11252, stack(0x00000099a0800000,0x00000099a0900000) (1024K)]
  0x000001e785a06fc0 JavaThread "Unconstrained build operations Thread 7"        [_thread_blocked, id=6368, stack(0x00000099a0900000,0x00000099a0a00000) (1024K)]
  0x000001e785a06930 JavaThread "Unconstrained build operations Thread 8"        [_thread_blocked, id=3704, stack(0x00000099a0a00000,0x00000099a0b00000) (1024K)]
  0x000001e785a0be80 JavaThread "Unconstrained build operations Thread 9"        [_thread_blocked, id=15084, stack(0x00000099a0b00000,0x00000099a0c00000) (1024K)]
  0x000001e785a0b7f0 JavaThread "Unconstrained build operations Thread 10"        [_thread_blocked, id=16884, stack(0x00000099a0c00000,0x00000099a0d00000) (1024K)]
  0x000001e785a08a00 JavaThread "Unconstrained build operations Thread 11"        [_thread_blocked, id=10248, stack(0x00000099a0d00000,0x00000099a0e00000) (1024K)]
  0x000001e785a09090 JavaThread "Unconstrained build operations Thread 12"        [_thread_blocked, id=11144, stack(0x00000099a0e00000,0x00000099a0f00000) (1024K)]
  0x000001e785a07650 JavaThread "Unconstrained build operations Thread 13"        [_thread_blocked, id=11124, stack(0x00000099a0f00000,0x00000099a1000000) (1024K)]
  0x000001e785a04ef0 JavaThread "Unconstrained build operations Thread 14"        [_thread_blocked, id=10384, stack(0x00000099a1000000,0x00000099a1100000) (1024K)]
  0x000001e785a0a440 JavaThread "Unconstrained build operations Thread 15"        [_thread_blocked, id=3932, stack(0x00000099a1100000,0x00000099a1200000) (1024K)]
  0x000001e785a07ce0 JavaThread "Unconstrained build operations Thread 16"        [_thread_blocked, id=3724, stack(0x00000099a1200000,0x00000099a1300000) (1024K)]
  0x000001e785a09db0 JavaThread "Unconstrained build operations Thread 17"        [_thread_blocked, id=820, stack(0x00000099a1300000,0x00000099a1400000) (1024K)]
  0x000001e785a0c510 JavaThread "Unconstrained build operations Thread 18"        [_thread_blocked, id=9324, stack(0x00000099a1400000,0x00000099a1500000) (1024K)]
  0x000001e785a0aad0 JavaThread "Unconstrained build operations Thread 19"        [_thread_blocked, id=11604, stack(0x00000099a1500000,0x00000099a1600000) (1024K)]
  0x000001e785a09720 JavaThread "Unconstrained build operations Thread 20"        [_thread_blocked, id=3116, stack(0x00000099a1600000,0x00000099a1700000) (1024K)]
  0x000001e785a05580 JavaThread "Unconstrained build operations Thread 21"        [_thread_blocked, id=3788, stack(0x00000099a1700000,0x00000099a1800000) (1024K)]
Total: 53

Other Threads:
=>0x000001e7fc281cf0 VMThread "VM Thread"                           [id=17212, stack(0x000000999db00000,0x000000999dc00000) (1024K)]
  0x000001e7fc26e3c0 WatcherThread "VM Periodic Task Thread"        [id=5312, stack(0x000000999da00000,0x000000999db00000) (1024K)]
  0x000001e7e2ba4530 WorkerThread "GC Thread#0"                     [id=17108, stack(0x000000999d500000,0x000000999d600000) (1024K)]
  0x000001e7fc282090 WorkerThread "GC Thread#1"                     [id=4452, stack(0x000000999e600000,0x000000999e700000) (1024K)]
  0x000001e7fc281210 WorkerThread "GC Thread#2"                     [id=1096, stack(0x000000999e700000,0x000000999e800000) (1024K)]
  0x000001e7fc282430 WorkerThread "GC Thread#3"                     [id=9552, stack(0x000000999e800000,0x000000999e900000) (1024K)]
  0x000001e7fc2815b0 WorkerThread "GC Thread#4"                     [id=1748, stack(0x000000999e900000,0x000000999ea00000) (1024K)]
  0x000001e7fc280ad0 WorkerThread "GC Thread#5"                     [id=4208, stack(0x000000999ed00000,0x000000999ee00000) (1024K)]
  0x000001e7fe39d510 WorkerThread "GC Thread#6"                     [id=2720, stack(0x000000999ee00000,0x000000999ef00000) (1024K)]
  0x000001e7fe39c690 WorkerThread "GC Thread#7"                     [id=4136, stack(0x000000999ef00000,0x000000999f000000) (1024K)]
  0x000001e7e2bb5590 ConcurrentGCThread "G1 Main Marker"            [id=1656, stack(0x000000999d600000,0x000000999d700000) (1024K)]
  0x000001e7e2bb8750 WorkerThread "G1 Conc#0"                       [id=4444, stack(0x000000999d700000,0x000000999d800000) (1024K)]
  0x000001e7fe39bf50 WorkerThread "G1 Conc#1"                       [id=8404, stack(0x000000999f700000,0x000000999f800000) (1024K)]
  0x000001e7fc1428d0 ConcurrentGCThread "G1 Refine#0"               [id=6000, stack(0x000000999d800000,0x000000999d900000) (1024K)]
  0x000001e7e2c1aec0 ConcurrentGCThread "G1 Service"                [id=5984, stack(0x000000999d900000,0x000000999da00000) (1024K)]
Total: 15

Threads with active compile tasks:
C2 CompilerThread0  11419 8176       4       jdk.internal.loader.BuiltinClassLoader::loadClass (22 bytes)
Total: 1

VM state: at safepoint (normal execution)

VM Mutex/Monitor currently owned by a thread:  ([mutex/lock_event])
[0x00007ffd48bce3a0] Threads_lock - owner thread: 0x000001e7fc281cf0
[0x00007ffd48bce4a0] Heap_lock - owner thread: 0x000001e7e2bb5590

Heap address: 0x0000000080000000, size: 2048 MB, Compressed Oops mode: 32-bit

CDS archive(s) not mapped
Compressed class space mapped at: 0x0000000100000000-0x0000000140000000, reserved size: 1073741824
Narrow klass base: 0x0000000000000000, Narrow klass shift: 3, Narrow klass range: 0x140000000

GC Precious Log:
 CardTable entry size: 512
 Card Set container configuration: InlinePtr #cards 5 size 8 Array Of Cards #cards 12 size 40 Howl #buckets 4 coarsen threshold 1843 Howl Bitmap #cards 512 size 80 coarsen threshold 460 Card regions per heap region 1 cards per card region 2048
 CPUs: 8 total, 8 available
 Memory: 6081M
 Large Page Support: Disabled
 NUMA Support: Disabled
 Compressed Oops: Enabled (32-bit)
 Heap Region Size: 1M
 Heap Min Capacity: 8M
 Heap Initial Capacity: 96M
 Heap Max Capacity: 2G
 Pre-touch: Disabled
 Parallel Workers: 8
 Concurrent Workers: 2
 Concurrent Refinement Workers: 8
 Periodic GC: Disabled

Heap:
 garbage-first heap   total 113664K, used 74796K [0x0000000080000000, 0x0000000100000000)
  region size 1024K, 4 young (4096K), 1 survivors (1024K)
 Metaspace       used 67912K, committed 69568K, reserved 1114112K
  class space    used 9215K, committed 10048K, reserved 1048576K

Heap Regions: E=young(eden), S=young(survivor), O=old, HS=humongous(starts), HC=humongous(continues), CS=collection set, F=free, TAMS=top-at-mark-start, PB=parsable bottom
|   0|0x0000000080000000, 0x0000000080100000, 0x0000000080100000|100%|HS|  |TAMS 0x0000000080100000| PB 0x0000000080000000| Complete 
|   1|0x0000000080100000, 0x0000000080200000, 0x0000000080200000|100%|HC|  |TAMS 0x0000000080200000| PB 0x0000000080100000| Complete 
|   2|0x0000000080200000, 0x0000000080300000, 0x0000000080300000|100%|HC|  |TAMS 0x0000000080300000| PB 0x0000000080200000| Complete 
|   3|0x0000000080300000, 0x0000000080400000, 0x0000000080400000|100%|HC|  |TAMS 0x0000000080400000| PB 0x0000000080300000| Complete 
|   4|0x0000000080400000, 0x0000000080500000, 0x0000000080500000|100%| O|  |TAMS 0x0000000080500000| PB 0x0000000080500000| Untracked 
|   5|0x0000000080500000, 0x0000000080600000, 0x0000000080600000|100%| O|  |TAMS 0x0000000080600000| PB 0x0000000080600000| Untracked 
|   6|0x0000000080600000, 0x0000000080700000, 0x0000000080700000|100%| O|  |TAMS 0x0000000080700000| PB 0x0000000080700000| Untracked 
|   7|0x0000000080700000, 0x0000000080800000, 0x0000000080800000|100%| O|  |TAMS 0x0000000080800000| PB 0x0000000080800000| Untracked 
|   8|0x0000000080800000, 0x0000000080900000, 0x0000000080900000|100%| O|  |TAMS 0x0000000080900000| PB 0x0000000080900000| Untracked 
|   9|0x0000000080900000, 0x0000000080a00000, 0x0000000080a00000|100%| O|  |TAMS 0x0000000080a00000| PB 0x0000000080a00000| Untracked 
|  10|0x0000000080a00000, 0x0000000080b00000, 0x0000000080b00000|100%| O|  |TAMS 0x0000000080b00000| PB 0x0000000080b00000| Updating 
|  11|0x0000000080b00000, 0x0000000080c00000, 0x0000000080c00000|100%|HS|  |TAMS 0x0000000080c00000| PB 0x0000000080b00000| Complete 
|  12|0x0000000080c00000, 0x0000000080d00000, 0x0000000080d00000|100%| O|  |TAMS 0x0000000080d00000| PB 0x0000000080d00000| Untracked 
|  13|0x0000000080d00000, 0x0000000080e00000, 0x0000000080e00000|100%| O|  |TAMS 0x0000000080e00000| PB 0x0000000080e00000| Untracked 
|  14|0x0000000080e00000, 0x0000000080f00000, 0x0000000080f00000|100%| O|  |TAMS 0x0000000080f00000| PB 0x0000000080f00000| Untracked 
|  15|0x0000000080f00000, 0x0000000081000000, 0x0000000081000000|100%| O|  |TAMS 0x0000000081000000| PB 0x0000000081000000| Untracked 
|  16|0x0000000081000000, 0x0000000081100000, 0x0000000081100000|100%| O|  |TAMS 0x0000000081100000| PB 0x0000000081100000| Untracked 
|  17|0x0000000081100000, 0x0000000081200000, 0x0000000081200000|100%| O|  |TAMS 0x0000000081200000| PB 0x0000000081200000| Untracked 
|  18|0x0000000081200000, 0x0000000081300000, 0x0000000081300000|100%| O|  |TAMS 0x0000000081300000| PB 0x0000000081300000| Untracked 
|  19|0x0000000081300000, 0x0000000081400000, 0x0000000081400000|100%| O|  |TAMS 0x0000000081400000| PB 0x0000000081400000| Untracked 
|  20|0x0000000081400000, 0x0000000081500000, 0x0000000081500000|100%| O|  |TAMS 0x0000000081500000| PB 0x0000000081500000| Untracked 
|  21|0x0000000081500000, 0x0000000081600000, 0x0000000081600000|100%| O|  |TAMS 0x0000000081600000| PB 0x0000000081600000| Untracked 
|  22|0x0000000081600000, 0x0000000081700000, 0x0000000081700000|100%| O|  |TAMS 0x0000000081700000| PB 0x0000000081700000| Updating 
|  23|0x0000000081700000, 0x0000000081800000, 0x0000000081800000|100%| O|  |TAMS 0x0000000081700000| PB 0x0000000081700000| Untracked 
|  24|0x0000000081800000, 0x0000000081900000, 0x0000000081900000|100%| O|  |TAMS 0x0000000081900000| PB 0x0000000081900000| Untracked 
|  25|0x0000000081900000, 0x0000000081a00000, 0x0000000081a00000|100%| O|  |TAMS 0x0000000081a00000| PB 0x0000000081a00000| Untracked 
|  26|0x0000000081a00000, 0x0000000081b00000, 0x0000000081b00000|100%| O|  |TAMS 0x0000000081b00000| PB 0x0000000081b00000| Untracked 
|  27|0x0000000081b00000, 0x0000000081c00000, 0x0000000081c00000|100%| O|  |TAMS 0x0000000081c00000| PB 0x0000000081c00000| Updating 
|  28|0x0000000081c00000, 0x0000000081d00000, 0x0000000081d00000|100%| O|  |TAMS 0x0000000081d00000| PB 0x0000000081d00000| Updating 
|  29|0x0000000081d00000, 0x0000000081e00000, 0x0000000081e00000|100%| O|  |TAMS 0x0000000081e00000| PB 0x0000000081e00000| Untracked 
|  30|0x0000000081e00000, 0x0000000081f00000, 0x0000000081f00000|100%| O|  |TAMS 0x0000000081f00000| PB 0x0000000081f00000| Untracked 
|  31|0x0000000081f00000, 0x0000000082000000, 0x0000000082000000|100%| O|  |TAMS 0x0000000082000000| PB 0x0000000082000000| Untracked 
|  32|0x0000000082000000, 0x0000000082100000, 0x0000000082100000|100%| O|  |TAMS 0x0000000082100000| PB 0x0000000082100000| Updating 
|  33|0x0000000082100000, 0x0000000082200000, 0x0000000082200000|100%| O|  |TAMS 0x0000000082200000| PB 0x0000000082200000| Untracked 
|  34|0x0000000082200000, 0x0000000082300000, 0x0000000082300000|100%| O|  |TAMS 0x0000000082300000| PB 0x0000000082300000| Untracked 
|  35|0x0000000082300000, 0x0000000082400000, 0x0000000082400000|100%|HS|  |TAMS 0x0000000082400000| PB 0x0000000082300000| Complete 
|  36|0x0000000082400000, 0x0000000082500000, 0x0000000082500000|100%| O|  |TAMS 0x0000000082500000| PB 0x0000000082500000| Updating 
|  37|0x0000000082500000, 0x0000000082600000, 0x0000000082600000|100%| O|  |TAMS 0x0000000082600000| PB 0x0000000082600000| Updating 
|  38|0x0000000082600000, 0x0000000082700000, 0x0000000082700000|100%| O|  |TAMS 0x0000000082700000| PB 0x0000000082700000| Untracked 
|  39|0x0000000082700000, 0x0000000082800000, 0x0000000082800000|100%| O|  |TAMS 0x0000000082800000| PB 0x0000000082800000| Updating 
|  40|0x0000000082800000, 0x0000000082900000, 0x0000000082900000|100%| O|  |TAMS 0x0000000082900000| PB 0x0000000082900000| Untracked 
|  41|0x0000000082900000, 0x0000000082a00000, 0x0000000082a00000|100%| O|  |TAMS 0x0000000082a00000| PB 0x0000000082a00000| Untracked 
|  42|0x0000000082a00000, 0x0000000082b00000, 0x0000000082b00000|100%| O|  |TAMS 0x0000000082b00000| PB 0x0000000082b00000| Untracked 
|  43|0x0000000082b00000, 0x0000000082c00000, 0x0000000082c00000|100%|HS|  |TAMS 0x0000000082c00000| PB 0x0000000082b00000| Complete 
|  44|0x0000000082c00000, 0x0000000082d00000, 0x0000000082d00000|100%| O|  |TAMS 0x0000000082c00000| PB 0x0000000082c00000| Untracked 
|  45|0x0000000082d00000, 0x0000000082e00000, 0x0000000082e00000|100%| O|  |TAMS 0x0000000082e00000| PB 0x0000000082e00000| Updating 
|  46|0x0000000082e00000, 0x0000000082f00000, 0x0000000082f00000|100%| O|  |TAMS 0x0000000082f00000| PB 0x0000000082f00000| Updating 
|  47|0x0000000082f00000, 0x0000000083000000, 0x0000000083000000|100%| O|  |TAMS 0x0000000083000000| PB 0x0000000083000000| Updating 
|  48|0x0000000083000000, 0x0000000083100000, 0x0000000083100000|100%|HS|  |TAMS 0x0000000083100000| PB 0x0000000083000000| Complete 
|  49|0x0000000083100000, 0x0000000083200000, 0x0000000083200000|100%|HC|  |TAMS 0x0000000083200000| PB 0x0000000083100000| Complete 
|  50|0x0000000083200000, 0x0000000083300000, 0x0000000083300000|100%|HS|  |TAMS 0x0000000083300000| PB 0x0000000083200000| Complete 
|  51|0x0000000083300000, 0x0000000083400000, 0x0000000083400000|100%|HC|  |TAMS 0x0000000083400000| PB 0x0000000083300000| Complete 
|  52|0x0000000083400000, 0x0000000083500000, 0x0000000083500000|100%| O|  |TAMS 0x0000000083400000| PB 0x0000000083400000| Untracked 
|  53|0x0000000083500000, 0x0000000083600000, 0x0000000083600000|100%| O|  |TAMS 0x0000000083500000| PB 0x0000000083500000| Untracked 
|  54|0x0000000083600000, 0x0000000083700000, 0x0000000083700000|100%|HS|  |TAMS 0x0000000083700000| PB 0x0000000083600000| Complete 
|  55|0x0000000083700000, 0x0000000083800000, 0x0000000083800000|100%|HS|  |TAMS 0x0000000083800000| PB 0x0000000083700000| Complete 
|  56|0x0000000083800000, 0x0000000083900000, 0x0000000083900000|100%| O|  |TAMS 0x0000000083800000| PB 0x0000000083800000| Untracked 
|  57|0x0000000083900000, 0x00000000839ade88, 0x0000000083a00000| 67%| O|  |TAMS 0x0000000083900000| PB 0x0000000083900000| Updating 
|  58|0x0000000083a00000, 0x0000000083b00000, 0x0000000083b00000|100%|HS|  |TAMS 0x0000000083a00000| PB 0x0000000083a00000| Complete 
|  59|0x0000000083b00000, 0x0000000083b00000, 0x0000000083c00000|  0%| F|  |TAMS 0x0000000083b00000| PB 0x0000000083b00000| Untracked 
|  60|0x0000000083c00000, 0x0000000083d00000, 0x0000000083d00000|100%|HS|  |TAMS 0x0000000083d00000| PB 0x0000000083c00000| Complete 
|  61|0x0000000083d00000, 0x0000000083e00000, 0x0000000083e00000|100%|HC|  |TAMS 0x0000000083e00000| PB 0x0000000083d00000| Complete 
|  62|0x0000000083e00000, 0x0000000083f00000, 0x0000000083f00000|100%|HC|  |TAMS 0x0000000083f00000| PB 0x0000000083e00000| Complete 
|  63|0x0000000083f00000, 0x0000000084000000, 0x0000000084000000|100%|HC|  |TAMS 0x0000000084000000| PB 0x0000000083f00000| Complete 
|  64|0x0000000084000000, 0x0000000084100000, 0x0000000084100000|100%|HS|  |TAMS 0x0000000084100000| PB 0x0000000084000000| Complete 
|  65|0x0000000084100000, 0x0000000084100000, 0x0000000084200000|  0%| F|  |TAMS 0x0000000084100000| PB 0x0000000084100000| Untracked 
|  66|0x0000000084200000, 0x0000000084200000, 0x0000000084300000|  0%| F|  |TAMS 0x0000000084200000| PB 0x0000000084200000| Untracked 
|  67|0x0000000084300000, 0x0000000084300000, 0x0000000084400000|  0%| F|  |TAMS 0x0000000084300000| PB 0x0000000084300000| Untracked 
|  68|0x0000000084400000, 0x0000000084400000, 0x0000000084500000|  0%| F|  |TAMS 0x0000000084400000| PB 0x0000000084400000| Untracked 
|  69|0x0000000084500000, 0x0000000084500000, 0x0000000084600000|  0%| F|  |TAMS 0x0000000084500000| PB 0x0000000084500000| Untracked 
|  70|0x0000000084600000, 0x0000000084600000, 0x0000000084700000|  0%| F|  |TAMS 0x0000000084600000| PB 0x0000000084600000| Untracked 
|  71|0x0000000084700000, 0x0000000084700000, 0x0000000084800000|  0%| F|  |TAMS 0x0000000084700000| PB 0x0000000084700000| Untracked 
|  72|0x0000000084800000, 0x0000000084800000, 0x0000000084900000|  0%| F|  |TAMS 0x0000000084800000| PB 0x0000000084800000| Untracked 
|  73|0x0000000084900000, 0x0000000084900000, 0x0000000084a00000|  0%| F|  |TAMS 0x0000000084900000| PB 0x0000000084900000| Untracked 
|  74|0x0000000084a00000, 0x0000000084a00000, 0x0000000084b00000|  0%| F|  |TAMS 0x0000000084a00000| PB 0x0000000084a00000| Untracked 
|  75|0x0000000084b00000, 0x0000000084b00000, 0x0000000084c00000|  0%| F|  |TAMS 0x0000000084b00000| PB 0x0000000084b00000| Untracked 
|  76|0x0000000084c00000, 0x0000000084c00000, 0x0000000084d00000|  0%| F|  |TAMS 0x0000000084c00000| PB 0x0000000084c00000| Untracked 
|  77|0x0000000084d00000, 0x0000000084d00000, 0x0000000084e00000|  0%| F|  |TAMS 0x0000000084d00000| PB 0x0000000084d00000| Untracked 
|  78|0x0000000084e00000, 0x0000000084e00000, 0x0000000084f00000|  0%| F|  |TAMS 0x0000000084e00000| PB 0x0000000084e00000| Untracked 
|  79|0x0000000084f00000, 0x0000000084f00000, 0x0000000085000000|  0%| F|  |TAMS 0x0000000084f00000| PB 0x0000000084f00000| Untracked 
|  80|0x0000000085000000, 0x0000000085000000, 0x0000000085100000|  0%| F|  |TAMS 0x0000000085000000| PB 0x0000000085000000| Untracked 
|  81|0x0000000085100000, 0x0000000085100000, 0x0000000085200000|  0%| F|  |TAMS 0x0000000085100000| PB 0x0000000085100000| Untracked 
|  82|0x0000000085200000, 0x0000000085200000, 0x0000000085300000|  0%| F|  |TAMS 0x0000000085200000| PB 0x0000000085200000| Untracked 
|  83|0x0000000085300000, 0x0000000085300000, 0x0000000085400000|  0%| F|  |TAMS 0x0000000085300000| PB 0x0000000085300000| Untracked 
|  84|0x0000000085400000, 0x0000000085400000, 0x0000000085500000|  0%| F|  |TAMS 0x0000000085400000| PB 0x0000000085400000| Untracked 
|  85|0x0000000085500000, 0x0000000085500000, 0x0000000085600000|  0%| F|  |TAMS 0x0000000085500000| PB 0x0000000085500000| Untracked 
|  86|0x0000000085600000, 0x0000000085600000, 0x0000000085700000|  0%| F|  |TAMS 0x0000000085600000| PB 0x0000000085600000| Untracked 
|  87|0x0000000085700000, 0x0000000085700000, 0x0000000085800000|  0%| F|  |TAMS 0x0000000085700000| PB 0x0000000085700000| Untracked 
|  88|0x0000000085800000, 0x0000000085800000, 0x0000000085900000|  0%| F|  |TAMS 0x0000000085800000| PB 0x0000000085800000| Untracked 
|  89|0x0000000085900000, 0x0000000085900000, 0x0000000085a00000|  0%| F|  |TAMS 0x0000000085900000| PB 0x0000000085900000| Untracked 
|  90|0x0000000085a00000, 0x0000000085a00000, 0x0000000085b00000|  0%| F|  |TAMS 0x0000000085a00000| PB 0x0000000085a00000| Untracked 
|  91|0x0000000085b00000, 0x0000000085b00000, 0x0000000085c00000|  0%| F|  |TAMS 0x0000000085b00000| PB 0x0000000085b00000| Untracked 
|  92|0x0000000085c00000, 0x0000000085c00000, 0x0000000085d00000|  0%| F|  |TAMS 0x0000000085c00000| PB 0x0000000085c00000| Untracked 
|  93|0x0000000085d00000, 0x0000000085d00000, 0x0000000085e00000|  0%| F|  |TAMS 0x0000000085d00000| PB 0x0000000085d00000| Untracked 
|  94|0x0000000085e00000, 0x0000000085e00000, 0x0000000085f00000|  0%| F|  |TAMS 0x0000000085e00000| PB 0x0000000085e00000| Untracked 
|  95|0x0000000085f00000, 0x0000000085f00000, 0x0000000086000000|  0%| F|  |TAMS 0x0000000085f00000| PB 0x0000000085f00000| Untracked 
|  96|0x0000000086000000, 0x000000008605d390, 0x0000000086100000| 36%| S|CS|TAMS 0x0000000086000000| PB 0x0000000086000000| Complete 
|  97|0x0000000086100000, 0x0000000086100000, 0x0000000086200000|  0%| F|  |TAMS 0x0000000086100000| PB 0x0000000086100000| Untracked 
|  98|0x0000000086200000, 0x0000000086200000, 0x0000000086300000|  0%| F|  |TAMS 0x0000000086200000| PB 0x0000000086200000| Untracked 
|  99|0x0000000086300000, 0x0000000086300000, 0x0000000086400000|  0%| F|  |TAMS 0x0000000086300000| PB 0x0000000086300000| Untracked 
| 100|0x0000000086400000, 0x0000000086400000, 0x0000000086500000|  0%| F|  |TAMS 0x0000000086400000| PB 0x0000000086400000| Untracked 
| 101|0x0000000086500000, 0x000000008658f280, 0x0000000086600000| 55%| E|  |TAMS 0x0000000086500000| PB 0x0000000086500000| Complete 
| 102|0x0000000086600000, 0x0000000086700000, 0x0000000086700000|100%| E|CS|TAMS 0x0000000086600000| PB 0x0000000086600000| Complete 
| 103|0x0000000086700000, 0x0000000086800000, 0x0000000086800000|100%| E|CS|TAMS 0x0000000086700000| PB 0x0000000086700000| Complete 
|2041|0x00000000ff900000, 0x00000000ffa00000, 0x00000000ffa00000|100%| O|  |TAMS 0x00000000ff97e600| PB 0x00000000ff97e600| Updating 
|2042|0x00000000ffa00000, 0x00000000ffb00000, 0x00000000ffb00000|100%| O|  |TAMS 0x00000000ffb00000| PB 0x00000000ffb00000| Untracked 
|2043|0x00000000ffb00000, 0x00000000ffc00000, 0x00000000ffc00000|100%| O|  |TAMS 0x00000000ffc00000| PB 0x00000000ffc00000| Untracked 
|2044|0x00000000ffc00000, 0x00000000ffd00000, 0x00000000ffd00000|100%| O|  |TAMS 0x00000000ffd00000| PB 0x00000000ffd00000| Updating 
|2045|0x00000000ffd00000, 0x00000000ffe00000, 0x00000000ffe00000|100%| O|  |TAMS 0x00000000ffe00000| PB 0x00000000ffe00000| Untracked 
|2046|0x00000000ffe00000, 0x00000000fff00000, 0x00000000fff00000|100%| O|  |TAMS 0x00000000fff00000| PB 0x00000000fff00000| Untracked 
|2047|0x00000000fff00000, 0x0000000100000000, 0x0000000100000000|100%| O|  |TAMS 0x0000000100000000| PB 0x0000000100000000| Untracked 

Card table byte_map: [0x000001e7f7400000,0x000001e7f7800000] _byte_map_base: 0x000001e7f7000000

Marking Bits: (CMBitMap*) 0x000001e7e2ba4b40
 Bits: [0x000001e7f7800000, 0x000001e7f9800000)

Polling page: 0x000001e7e7570000

Metaspace:

Usage:
  Non-class:     57.32 MB used.
      Class:      9.00 MB used.
       Both:     66.32 MB used.

Virtual space:
  Non-class space:       64.00 MB reserved,      58.12 MB ( 91%) committed,  1 nodes.
      Class space:        1.00 GB reserved,       9.81 MB ( <1%) committed,  1 nodes.
             Both:        1.06 GB reserved,      67.94 MB (  6%) committed. 

Chunk freelists:
   Non-Class:  5.45 MB
       Class:  6.05 MB
        Both:  11.50 MB

MaxMetaspaceSize: unlimited
CompressedClassSpaceSize: 1.00 GB
Initial GC threshold: 21.00 MB
Current GC threshold: 109.94 MB
CDS: off
 - commit_granule_bytes: 65536.
 - commit_granule_words: 8192.
 - virtual_space_node_default_size: 8388608.
 - enlarge_chunks_in_place: 1.
 - use_allocation_guard: 0.


Internal statistics:

num_allocs_failed_limit: 6.
num_arena_births: 3056.
num_arena_deaths: 0.
num_vsnodes_births: 2.
num_vsnodes_deaths: 0.
num_space_committed: 1087.
num_space_uncommitted: 0.
num_chunks_returned_to_freelist: 6.
num_chunks_taken_from_freelist: 5762.
num_chunk_merges: 6.
num_chunk_splits: 3770.
num_chunks_enlarged: 2381.
num_inconsistent_stats: 0.

CodeHeap 'non-profiled nmethods': size=120000Kb used=2700Kb max_used=2752Kb free=117299Kb
 bounds [0x000001e7ef060000, 0x000001e7ef320000, 0x000001e7f6590000]
CodeHeap 'profiled nmethods': size=120000Kb used=12563Kb max_used=12748Kb free=107436Kb
 bounds [0x000001e7e7590000, 0x000001e7e8210000, 0x000001e7eeac0000]
CodeHeap 'non-nmethods': size=5760Kb used=1980Kb max_used=2017Kb free=3780Kb
 bounds [0x000001e7eeac0000, 0x000001e7eed30000, 0x000001e7ef060000]
 total_blobs=7880 nmethods=7128 adapters=655
 compilation: enabled
              stopped_count=0, restarted_count=0
 full_count=0

Compilation events (20 events):
Event: 11.289 Thread 0x000001e7fc4c1fa0 8219       3       sun.reflect.generics.reflectiveObjects.LazyReflectiveObjectGenerator::<init> (10 bytes)
Event: 11.289 Thread 0x000001e7fc4c1fa0 nmethod 8219 0x000001e7e81ff910 code [0x000001e7e81ffac0, 0x000001e7e81ffc78]
Event: 11.289 Thread 0x000001e7fc4c1fa0 8220       1       sun.reflect.generics.tree.FormalTypeParameter::getName (5 bytes)
Event: 11.289 Thread 0x000001e7fc4c1fa0 nmethod 8220 0x000001e7ef287d10 code [0x000001e7ef287ea0, 0x000001e7ef287f68]
Event: 11.289 Thread 0x000001e7fc4c1fa0 8221       1       sun.reflect.generics.tree.FormalTypeParameter::getBounds (5 bytes)
Event: 11.289 Thread 0x000001e7fc4c1fa0 nmethod 8221 0x000001e7ef287890 code [0x000001e7ef287a20, 0x000001e7ef287ae8]
Event: 11.289 Thread 0x000001e7fc4c1fa0 8222       1       sun.reflect.generics.factory.CoreReflectionFactory::getDecl (5 bytes)
Event: 11.290 Thread 0x000001e7fc4c1fa0 nmethod 8222 0x000001e7ef27f390 code [0x000001e7ef27f520, 0x000001e7ef27f5e8]
Event: 11.301 Thread 0x000001e7fc4c1fa0 8223       3       java.util.zip.ZipFile$ZipFileInflaterInputStream::available (44 bytes)
Event: 11.302 Thread 0x000001e7fc4c1fa0 nmethod 8223 0x000001e7e81ffd10 code [0x000001e7e81ffee0, 0x000001e7e8200238]
Event: 11.302 Thread 0x000001e7fc4c1fa0 8224   !   3       java.util.zip.Inflater::getBytesWritten (23 bytes)
Event: 11.302 Thread 0x000001e7fc4c1fa0 nmethod 8224 0x000001e7e8200390 code [0x000001e7e8200540, 0x000001e7e8200780]
Event: 11.302 Thread 0x000001e7fc4c1fa0 8225       3       com.google.common.collect.MapMakerInternalMap$Segment::getLiveEntry (7 bytes)
Event: 11.302 Thread 0x000001e7fc4c1fa0 nmethod 8225 0x000001e7e8200890 code [0x000001e7e8200a40, 0x000001e7e8200bf8]
Event: 11.303 Thread 0x000001e7fc4c1fa0 8226       3       com.google.common.collect.MapMakerInternalMap$Segment::postReadCleanup (18 bytes)
Event: 11.303 Thread 0x000001e7fc4c1fa0 nmethod 8226 0x000001e7e8200c90 code [0x000001e7e8200e60, 0x000001e7e8201168]
Event: 11.303 Thread 0x000001e7fc4c1fa0 8227   !   3       com.google.common.collect.MapMakerInternalMap$Segment::get (58 bytes)
Event: 11.304 Thread 0x000001e7fc4c1fa0 nmethod 8227 0x000001e7e8201290 code [0x000001e7e82015a0, 0x000001e7e8202a28]
Event: 11.331 Thread 0x000001e7fc4c1fa0 8229       3       com.google.common.collect.MapMakerInternalMap$StrongKeyWeakValueEntry$LinkedStrongKeyWeakValueEntry::getNext (5 bytes)
Event: 11.331 Thread 0x000001e7fc4c1fa0 nmethod 8229 0x000001e7e8203190 code [0x000001e7e8203320, 0x000001e7e8203440]

GC Heap History (20 events):
Event: 8.884 GC heap before
{Heap before GC invocations=17 (full 0):
 garbage-first heap   total 75776K, used 64554K [0x0000000080000000, 0x0000000100000000)
  region size 1024K, 29 young (29696K), 4 survivors (4096K)
 Metaspace       used 63558K, committed 65152K, reserved 1114112K
  class space    used 8698K, committed 9472K, reserved 1048576K
}
Event: 8.889 GC heap after
{Heap after GC invocations=18 (full 0):
 garbage-first heap   total 75776K, used 41444K [0x0000000080000000, 0x0000000100000000)
  region size 1024K, 4 young (4096K), 4 survivors (4096K)
 Metaspace       used 63558K, committed 65152K, reserved 1114112K
  class space    used 8698K, committed 9472K, reserved 1048576K
}
Event: 9.525 GC heap before
{Heap before GC invocations=19 (full 0):
 garbage-first heap   total 75776K, used 63972K [0x0000000080000000, 0x0000000100000000)
  region size 1024K, 27 young (27648K), 4 survivors (4096K)
 Metaspace       used 64914K, committed 66560K, reserved 1114112K
  class space    used 8874K, committed 9664K, reserved 1048576K
}
Event: 9.531 GC heap after
{Heap after GC invocations=20 (full 0):
 garbage-first heap   total 75776K, used 44435K [0x0000000080000000, 0x0000000100000000)
  region size 1024K, 4 young (4096K), 4 survivors (4096K)
 Metaspace       used 64914K, committed 66560K, reserved 1114112K
  class space    used 8874K, committed 9664K, reserved 1048576K
}
Event: 9.725 GC heap before
{Heap before GC invocations=20 (full 0):
 garbage-first heap   total 75776K, used 64915K [0x0000000080000000, 0x0000000100000000)
  region size 1024K, 25 young (25600K), 4 survivors (4096K)
 Metaspace       used 65284K, committed 66880K, reserved 1114112K
  class space    used 8918K, committed 9728K, reserved 1048576K
}
Event: 9.731 GC heap after
{Heap after GC invocations=21 (full 0):
 garbage-first heap   total 75776K, used 47847K [0x0000000080000000, 0x0000000100000000)
  region size 1024K, 4 young (4096K), 4 survivors (4096K)
 Metaspace       used 65284K, committed 66880K, reserved 1114112K
  class space    used 8918K, committed 9728K, reserved 1048576K
}
Event: 9.924 GC heap before
{Heap before GC invocations=21 (full 0):
 garbage-first heap   total 75776K, used 65255K [0x0000000080000000, 0x0000000100000000)
  region size 1024K, 22 young (22528K), 4 survivors (4096K)
 Metaspace       used 65603K, committed 67200K, reserved 1114112K
  class space    used 8945K, committed 9728K, reserved 1048576K
}
Event: 9.929 GC heap after
{Heap after GC invocations=22 (full 0):
 garbage-first heap   total 75776K, used 48714K [0x0000000080000000, 0x0000000100000000)
  region size 1024K, 3 young (3072K), 3 survivors (3072K)
 Metaspace       used 65603K, committed 67200K, reserved 1114112K
  class space    used 8945K, committed 9728K, reserved 1048576K
}
Event: 10.123 GC heap before
{Heap before GC invocations=23 (full 0):
 garbage-first heap   total 81920K, used 67146K [0x0000000080000000, 0x0000000100000000)
  region size 1024K, 22 young (22528K), 3 survivors (3072K)
 Metaspace       used 65767K, committed 67392K, reserved 1114112K
  class space    used 8945K, committed 9728K, reserved 1048576K
}
Event: 10.128 GC heap after
{Heap after GC invocations=24 (full 0):
 garbage-first heap   total 81920K, used 49634K [0x0000000080000000, 0x0000000100000000)
  region size 1024K, 3 young (3072K), 3 survivors (3072K)
 Metaspace       used 65767K, committed 67392K, reserved 1114112K
  class space    used 8945K, committed 9728K, reserved 1048576K
}
Event: 10.278 GC heap before
{Heap before GC invocations=24 (full 0):
 garbage-first heap   total 81920K, used 72162K [0x0000000080000000, 0x0000000100000000)
  region size 1024K, 26 young (26624K), 3 survivors (3072K)
 Metaspace       used 65881K, committed 67456K, reserved 1114112K
  class space    used 8945K, committed 9728K, reserved 1048576K
}
Event: 10.283 GC heap after
{Heap after GC invocations=25 (full 0):
 garbage-first heap   total 81920K, used 49177K [0x0000000080000000, 0x0000000100000000)
  region size 1024K, 3 young (3072K), 3 survivors (3072K)
 Metaspace       used 65881K, committed 67456K, reserved 1114112K
  class space    used 8945K, committed 9728K, reserved 1048576K
}
Event: 10.387 GC heap before
{Heap before GC invocations=25 (full 0):
 garbage-first heap   total 81920K, used 71705K [0x0000000080000000, 0x0000000100000000)
  region size 1024K, 26 young (26624K), 3 survivors (3072K)
 Metaspace       used 65910K, committed 67520K, reserved 1114112K
  class space    used 8945K, committed 9728K, reserved 1048576K
}
Event: 10.391 GC heap after
{Heap after GC invocations=26 (full 0):
 garbage-first heap   total 100352K, used 50113K [0x0000000080000000, 0x0000000100000000)
  region size 1024K, 3 young (3072K), 3 survivors (3072K)
 Metaspace       used 65910K, committed 67520K, reserved 1114112K
  class space    used 8945K, committed 9728K, reserved 1048576K
}
Event: 10.596 GC heap before
{Heap before GC invocations=27 (full 0):
 garbage-first heap   total 100352K, used 88001K [0x0000000080000000, 0x0000000100000000)
  region size 1024K, 41 young (41984K), 3 survivors (3072K)
 Metaspace       used 65927K, committed 67520K, reserved 1114112K
  class space    used 8945K, committed 9728K, reserved 1048576K
}
Event: 10.599 GC heap after
{Heap after GC invocations=28 (full 0):
 garbage-first heap   total 100352K, used 51206K [0x0000000080000000, 0x0000000100000000)
  region size 1024K, 5 young (5120K), 5 survivors (5120K)
 Metaspace       used 65927K, committed 67520K, reserved 1114112K
  class space    used 8945K, committed 9728K, reserved 1048576K
}
Event: 11.267 GC heap before
{Heap before GC invocations=28 (full 0):
 garbage-first heap   total 100352K, used 98310K [0x0000000080000000, 0x0000000100000000)
  region size 1024K, 38 young (38912K), 5 survivors (5120K)
 Metaspace       used 67691K, committed 69312K, reserved 1114112K
  class space    used 9189K, committed 9984K, reserved 1048576K
}
Event: 11.275 GC heap after
{Heap after GC invocations=29 (full 0):
 garbage-first heap   total 113664K, used 71161K [0x0000000080000000, 0x0000000100000000)
  region size 1024K, 6 young (6144K), 6 survivors (6144K)
 Metaspace       used 67691K, committed 69312K, reserved 1114112K
  class space    used 9189K, committed 9984K, reserved 1048576K
}
Event: 11.280 GC heap before
{Heap before GC invocations=29 (full 0):
 garbage-first heap   total 113664K, used 71161K [0x0000000080000000, 0x0000000100000000)
  region size 1024K, 7 young (7168K), 6 survivors (6144K)
 Metaspace       used 67705K, committed 69312K, reserved 1114112K
  class space    used 9190K, committed 9984K, reserved 1048576K
}
Event: 11.283 GC heap after
{Heap after GC invocations=30 (full 0):
 garbage-first heap   total 113664K, used 71724K [0x0000000080000000, 0x0000000100000000)
  region size 1024K, 1 young (1024K), 1 survivors (1024K)
 Metaspace       used 67705K, committed 69312K, reserved 1114112K
  class space    used 9190K, committed 9984K, reserved 1048576K
}

Dll operation events (3 events):
Event: 0.023 Loaded shared library C:\Program Files\Android\Android Studio\jbr\bin\java.dll
Event: 0.033 Loaded shared library C:\Program Files\Android\Android Studio\jbr\bin\zip.dll
Event: 0.712 Loaded shared library C:\Program Files\Android\Android Studio\jbr\bin\verify.dll

Deoptimization events (20 events):
Event: 11.053 Thread 0x000001e7fe25c1e0 Uncommon trap: trap_request=0xffffffde fr.pc=0x000001e7ef26eae4 relative=0x0000000000006aa4
Event: 11.053 Thread 0x000001e7fe25c1e0 Uncommon trap: reason=class_check action=maybe_recompile pc=0x000001e7ef26eae4 method=java.util.jar.JarFile.getManifestFromReference()Ljava/util/jar/Manifest; @ 152 c2
Event: 11.053 Thread 0x000001e7fe25c1e0 DEOPT PACKING pc=0x000001e7ef26eae4 sp=0x000000999f3f66e0
Event: 11.053 Thread 0x000001e7fe25c1e0 DEOPT UNPACKING pc=0x000001e7eeb146a2 sp=0x000000999f3f64d8 mode 2
Event: 11.137 Thread 0x000001e7fe25c1e0 Uncommon trap: trap_request=0xffffffde fr.pc=0x000001e7ef26eae4 relative=0x0000000000006aa4
Event: 11.137 Thread 0x000001e7fe25c1e0 Uncommon trap: reason=class_check action=maybe_recompile pc=0x000001e7ef26eae4 method=java.util.jar.JarFile.getManifestFromReference()Ljava/util/jar/Manifest; @ 152 c2
Event: 11.137 Thread 0x000001e7fe25c1e0 DEOPT PACKING pc=0x000001e7ef26eae4 sp=0x000000999f3f6db0
Event: 11.137 Thread 0x000001e7fe25c1e0 DEOPT UNPACKING pc=0x000001e7eeb146a2 sp=0x000000999f3f6ba8 mode 2
Event: 11.162 Thread 0x000001e7fe25c1e0 Uncommon trap: trap_request=0xffffffbe fr.pc=0x000001e7ef2889dc relative=0x000000000000035c
Event: 11.162 Thread 0x000001e7fe25c1e0 Uncommon trap: reason=profile_predicate action=maybe_recompile pc=0x000001e7ef2889dc method=sun.instrument.TransformerManager.transform(Ljava/lang/Module;Ljava/lang/ClassLoader;Ljava/lang/String;Ljava/lang/Class;Ljava/security/ProtectionDomain;[B)[B @ 21 
Event: 11.162 Thread 0x000001e7fe25c1e0 DEOPT PACKING pc=0x000001e7ef2889dc sp=0x000000999f3f1630
Event: 11.162 Thread 0x000001e7fe25c1e0 DEOPT UNPACKING pc=0x000001e7eeb146a2 sp=0x000000999f3f1500 mode 2
Event: 11.228 Thread 0x000001e7fe25c1e0 Uncommon trap: trap_request=0xffffffde fr.pc=0x000001e7ef26eae4 relative=0x0000000000006aa4
Event: 11.228 Thread 0x000001e7fe25c1e0 Uncommon trap: reason=class_check action=maybe_recompile pc=0x000001e7ef26eae4 method=java.util.jar.JarFile.getManifestFromReference()Ljava/util/jar/Manifest; @ 152 c2
Event: 11.228 Thread 0x000001e7fe25c1e0 DEOPT PACKING pc=0x000001e7ef26eae4 sp=0x000000999f3f6760
Event: 11.228 Thread 0x000001e7fe25c1e0 DEOPT UNPACKING pc=0x000001e7eeb146a2 sp=0x000000999f3f6558 mode 2
Event: 11.231 Thread 0x000001e7fe25c1e0 DEOPT PACKING pc=0x000001e7e81d3c21 sp=0x000000999f3f4800
Event: 11.231 Thread 0x000001e7fe25c1e0 DEOPT UNPACKING pc=0x000001e7eeb14e42 sp=0x000000999f3f3d70 mode 0
Event: 11.286 Thread 0x000001e7fe25c1e0 DEOPT PACKING pc=0x000001e7e81d3c21 sp=0x000000999f3f1920
Event: 11.286 Thread 0x000001e7fe25c1e0 DEOPT UNPACKING pc=0x000001e7eeb14e42 sp=0x000000999f3f0e90 mode 0

Classes loaded (20 events):
Event: 8.773 Loading class sun/reflect/ReflectionFactory$1
Event: 8.773 Loading class sun/reflect/ReflectionFactory$1 done
Event: 9.265 Loading class java/util/Collections$ReverseComparator
Event: 9.265 Loading class java/util/Collections$ReverseComparator done
Event: 9.265 Loading class java/util/Collections$ReverseComparator2
Event: 9.265 Loading class java/util/Collections$ReverseComparator2 done
Event: 10.626 Loading class java/util/stream/SortedOps$RefSortingSink
Event: 10.626 Loading class java/util/stream/SortedOps$RefSortingSink done
Event: 10.637 Loading class java/time/Ser
Event: 10.638 Loading class java/time/Ser done
Event: 10.801 Loading class java/lang/ProcessBuilder
Event: 10.802 Loading class java/lang/ProcessBuilder done
Event: 11.031 Loading class java/lang/ThreadDeath
Event: 11.031 Loading class java/lang/ThreadDeath done
Event: 11.032 Loading class sun/misc/SharedSecrets
Event: 11.032 Loading class sun/misc/SharedSecrets done
Event: 11.035 Loading class sun/invoke/util/ValueConversions$1
Event: 11.036 Loading class sun/invoke/util/ValueConversions$1 done
Event: 11.036 Loading class java/lang/invoke/BoundMethodHandle$Species_LI
Event: 11.036 Loading class java/lang/invoke/BoundMethodHandle$Species_LI done

Classes unloaded (0 events):
No events

Classes redefined (0 events):
No events

Internal exceptions (20 events):
Event: 9.500 Thread 0x000001e7fe25c1e0 Exception <a 'java/lang/NoSuchMethodError'{0x00000000834b7470}: 'java.lang.Object java.lang.invoke.Invokers$Holder.linkToTargetMethod(java.lang.Object, java.lang.Object, java.lang.Object, int, java.lang.Object, java.lang.Object)'> (0x00000000834b7470) 
thrown [s\src\hotspot\share\interpreter\linkResolver.cpp, line 784]
Event: 9.869 Thread 0x000001e7fe25c1e0 Exception <a 'java/lang/NoSuchMethodError'{0x0000000083c76ba0}: 'java.lang.Object java.lang.invoke.DirectMethodHandle$Holder.invokeSpecialIFC(java.lang.Object, java.lang.Object, java.lang.Object)'> (0x0000000083c76ba0) 
thrown [s\src\hotspot\share\interpreter\linkResolver.cpp, line 784]
Event: 10.622 Thread 0x000001e7fe25c1e0 Exception <a 'java/lang/NoSuchMethodError'{0x000000008608eba0}: 'void java.lang.invoke.DirectMethodHandle$Holder.invokeInterface(java.lang.Object, java.lang.Object, java.lang.Object, java.lang.Object)'> (0x000000008608eba0) 
thrown [s\src\hotspot\share\interpreter\linkResolver.cpp, line 784]
Event: 10.625 Thread 0x000001e7fe25c1e0 Exception <a 'java/lang/NoSuchMethodError'{0x00000000860b6db8}: 'long java.lang.invoke.DirectMethodHandle$Holder.invokeVirtual(java.lang.Object, java.lang.Object)'> (0x00000000860b6db8) 
thrown [s\src\hotspot\share\interpreter\linkResolver.cpp, line 784]
Event: 10.629 Thread 0x000001e7fe1d3de0 Exception <a 'java/lang/NoSuchMethodError'{0x00000000860f9078}: static Lorg/gradle/internal/build/event/types/DefaultOperationFinishedProgressEvent;.<clinit>()V> (0x00000000860f9078) 
thrown [s\src\hotspot\share\prims\jni.cpp, line 1135]
Event: 10.633 Thread 0x000001e7fe1d3de0 Exception <a 'java/lang/NoSuchMethodError'{0x0000000085f25060}: static Lorg/gradle/internal/build/event/types/DefaultProjectConfigurationSuccessResult;.<clinit>()V> (0x0000000085f25060) 
thrown [s\src\hotspot\share\prims\jni.cpp, line 1135]
Event: 10.633 Thread 0x000001e7fe1d3de0 Exception <a 'java/lang/NoSuchMethodError'{0x0000000085f3dfc8}: static Lorg/gradle/internal/build/event/types/AbstractProjectConfigurationResult;.<clinit>()V> (0x0000000085f3dfc8) 
thrown [s\src\hotspot\share\prims\jni.cpp, line 1135]
Event: 10.634 Thread 0x000001e7fe1d3de0 Exception <a 'java/lang/NoSuchMethodError'{0x0000000085f3f788}: static Lorg/gradle/internal/build/event/types/AbstractOperationResult;.<clinit>()V> (0x0000000085f3f788) 
thrown [s\src\hotspot\share\prims\jni.cpp, line 1135]
Event: 10.634 Thread 0x000001e7fe1d3de0 Exception <a 'java/lang/NoSuchMethodError'{0x0000000085f40d30}: static Lorg/gradle/internal/build/event/types/AbstractResult;.<clinit>()V> (0x0000000085f40d30) 
thrown [s\src\hotspot\share\prims\jni.cpp, line 1135]
Event: 10.635 Thread 0x000001e7fe1d3de0 Exception <a 'java/lang/NoSuchMethodError'{0x0000000085f5ac88}: static Lorg/gradle/internal/build/event/types/DefaultPluginApplicationResult;.<clinit>()V> (0x0000000085f5ac88) 
thrown [s\src\hotspot\share\prims\jni.cpp, line 1135]
Event: 10.636 Thread 0x000001e7fe1d3de0 Exception <a 'java/lang/NoSuchMethodError'{0x0000000085f7f4f0}: static Lorg/gradle/internal/build/event/types/DefaultBinaryPluginIdentifier;.<clinit>()V> (0x0000000085f7f4f0) 
thrown [s\src\hotspot\share\prims\jni.cpp, line 1135]
Event: 10.639 Thread 0x000001e7fe1d3de0 Exception <a 'java/lang/NoSuchMethodError'{0x0000000085ff9ef0}: static Lorg/gradle/internal/build/event/types/DefaultScriptPluginIdentifier;.<clinit>()V> (0x0000000085ff9ef0) 
thrown [s\src\hotspot\share\prims\jni.cpp, line 1135]
Event: 10.792 Thread 0x000001e7fe25c1e0 Exception <a 'java/lang/NoSuchMethodError'{0x00000000858c9a68}: 'void java.lang.invoke.Invokers$Holder.invoke_MT(java.lang.Object, java.lang.Object, java.lang.Object, java.lang.Object)'> (0x00000000858c9a68) 
thrown [s\src\hotspot\share\interpreter\linkResolver.cpp, line 784]
Event: 10.804 Thread 0x000001e7fe25c1e0 Exception <a 'java/lang/NoSuchMethodError'{0x00000000857455b0}: 'java.lang.Object java.lang.invoke.DirectMethodHandle$Holder.invokeSpecial(java.lang.Object, java.lang.Object, java.lang.Object, int, java.lang.Object, java.lang.Object)'> (0x00000000857455b0) 
thrown [s\src\hotspot\share\interpreter\linkResolver.cpp, line 784]
Event: 11.032 Thread 0x000001e7fe25c1e0 Exception <a 'java/lang/ClassNotFoundException'{0x0000000084ff10a8}: sun/misc/SharedSecrets> (0x0000000084ff10a8) 
thrown [s\src\hotspot\share\classfile\systemDictionary.cpp, line 312]
Event: 11.032 Thread 0x000001e7fe25c1e0 Exception <a 'java/lang/ClassNotFoundException'{0x0000000084ffaf48}: org/gradle/api/internal/plugins/DefaultObjectConfigurationActionBeanInfo> (0x0000000084ffaf48) 
thrown [s\src\hotspot\share\classfile\systemDictionary.cpp, line 312]
Event: 11.033 Thread 0x000001e7fe25c1e0 Exception <a 'java/lang/ClassNotFoundException'{0x0000000084e0ed80}: org/gradle/api/internal/plugins/DefaultObjectConfigurationActionCustomizer> (0x0000000084e0ed80) 
thrown [s\src\hotspot\share\classfile\systemDictionary.cpp, line 312]
Event: 11.035 Thread 0x000001e7fe25c1e0 Implicit null exception at 0x000001e7ef1d06e5 to 0x000001e7ef1d0970
Event: 11.036 Thread 0x000001e7fe25c1e0 Exception <a 'java/lang/NoSuchMethodError'{0x0000000084e1c8a8}: 'int java.lang.invoke.DirectMethodHandle$Holder.invokeSpecial(java.lang.Object, java.lang.Object, java.lang.Object, int)'> (0x0000000084e1c8a8) 
thrown [s\src\hotspot\share\interpreter\linkResolver.cpp, line 784]
Event: 11.037 Thread 0x000001e7fe25c1e0 Exception <a 'java/lang/NoSuchMethodError'{0x0000000084e2dbe0}: 'java.lang.Object java.lang.invoke.DirectMethodHandle$Holder.invokeStatic(java.lang.Object, java.lang.Object, java.lang.Object, java.lang.Object, int)'> (0x0000000084e2dbe0) 
thrown [s\src\hotspot\share\interpreter\linkResolver.cpp, line 784]

ZGC Phase Switch (0 events):
No events

VM Operations (20 events):
Event: 10.128 Executing VM operation: G1CollectForAllocation (G1 Evacuation Pause) done
Event: 10.278 Executing VM operation: G1CollectForAllocation (G1 Evacuation Pause)
Event: 10.283 Executing VM operation: G1CollectForAllocation (G1 Evacuation Pause) done
Event: 10.387 Executing VM operation: G1CollectForAllocation (G1 Evacuation Pause)
Event: 10.391 Executing VM operation: G1CollectForAllocation (G1 Evacuation Pause) done
Event: 10.449 Executing VM operation: G1PauseRemark
Event: 10.452 Executing VM operation: G1PauseRemark done
Event: 10.476 Executing VM operation: G1PauseCleanup
Event: 10.476 Executing VM operation: G1PauseCleanup done
Event: 10.596 Executing VM operation: G1CollectForAllocation (G1 Evacuation Pause)
Event: 10.599 Executing VM operation: G1CollectForAllocation (G1 Evacuation Pause) done
Event: 10.855 Executing VM operation: HandshakeAllThreads (Deoptimize)
Event: 10.855 Executing VM operation: HandshakeAllThreads (Deoptimize) done
Event: 11.042 Executing VM operation: ICBufferFull
Event: 11.042 Executing VM operation: ICBufferFull done
Event: 11.267 Executing VM operation: G1CollectForAllocation (G1 Evacuation Pause)
Event: 11.275 Executing VM operation: G1CollectForAllocation (G1 Evacuation Pause) done
Event: 11.280 Executing VM operation: G1TryInitiateConcMark (G1 Humongous Allocation)
Event: 11.283 Executing VM operation: G1TryInitiateConcMark (G1 Humongous Allocation) done
Event: 11.346 Executing VM operation: G1PauseRemark

Memory protections (0 events):
No events

Nmethod flushes (20 events):
Event: 11.350 Thread 0x000001e7fc281cf0 flushing  nmethod 0x000001e7e7850690
Event: 11.350 Thread 0x000001e7fc281cf0 flushing  nmethod 0x000001e7e7d11a90
Event: 11.350 Thread 0x000001e7fc281cf0 flushing  nmethod 0x000001e7e7dc1510
Event: 11.350 Thread 0x000001e7fc281cf0 flushing  nmethod 0x000001e7e7dc4310
Event: 11.350 Thread 0x000001e7fc281cf0 flushing  nmethod 0x000001e7e800fc90
Event: 11.350 Thread 0x000001e7fc281cf0 flushing  nmethod 0x000001e7e8014610
Event: 11.350 Thread 0x000001e7fc281cf0 flushing  nmethod 0x000001e7e8015010
Event: 11.350 Thread 0x000001e7fc281cf0 flushing  nmethod 0x000001e7e8038d10
Event: 11.350 Thread 0x000001e7fc281cf0 flushing  nmethod 0x000001e7e8039190
Event: 11.350 Thread 0x000001e7fc281cf0 flushing  nmethod 0x000001e7e7c75e90
Event: 11.350 Thread 0x000001e7fc281cf0 flushing  nmethod 0x000001e7e7ceca10
Event: 11.350 Thread 0x000001e7fc281cf0 flushing  nmethod 0x000001e7e8008a10
Event: 11.350 Thread 0x000001e7fc281cf0 flushing  nmethod 0x000001e7e8009190
Event: 11.350 Thread 0x000001e7fc281cf0 flushing  nmethod 0x000001e7e800b410
Event: 11.350 Thread 0x000001e7fc281cf0 flushing  nmethod 0x000001e7e800c090
Event: 11.350 Thread 0x000001e7fc281cf0 flushing  nmethod 0x000001e7e800e010
Event: 11.350 Thread 0x000001e7fc281cf0 flushing  nmethod 0x000001e7e804ad90
Event: 11.350 Thread 0x000001e7fc281cf0 flushing  nmethod 0x000001e7e805ed90
Event: 11.350 Thread 0x000001e7fc281cf0 flushing  nmethod 0x000001e7e8063210
Event: 11.350 Thread 0x000001e7fc281cf0 flushing  nmethod 0x000001e7e8076610

Events (20 events):
Event: 9.412 Thread 0x000001e7fe25c1e0 Thread added: 0x000001e78400a1c0
Event: 9.412 Thread 0x000001e7fe25c1e0 Thread added: 0x000001e7840094a0
Event: 9.413 Thread 0x000001e7fe25c1e0 Thread added: 0x000001e784009b30
Event: 9.413 Thread 0x000001e7fe25c1e0 Thread added: 0x000001e785a08370
Event: 9.413 Thread 0x000001e7fe25c1e0 Thread added: 0x000001e785a0b160
Event: 9.413 Thread 0x000001e7fe25c1e0 Thread added: 0x000001e785a06fc0
Event: 9.539 Thread 0x000001e7fe25c1e0 Thread added: 0x000001e785a06930
Event: 9.541 Thread 0x000001e7fe25c1e0 Thread added: 0x000001e785a0be80
Event: 9.543 Thread 0x000001e7fe25c1e0 Thread added: 0x000001e785a0b7f0
Event: 9.552 Thread 0x000001e7fe25c1e0 Thread added: 0x000001e785a08a00
Event: 9.555 Thread 0x000001e7fe25c1e0 Thread added: 0x000001e785a09090
Event: 9.558 Thread 0x000001e7fe25c1e0 Thread added: 0x000001e785a07650
Event: 9.561 Thread 0x000001e7fe25c1e0 Thread added: 0x000001e785a04ef0
Event: 9.870 Thread 0x000001e7fe25c1e0 Thread added: 0x000001e785a0a440
Event: 9.871 Thread 0x000001e7fe25c1e0 Thread added: 0x000001e785a07ce0
Event: 9.872 Thread 0x000001e7fe25c1e0 Thread added: 0x000001e785a09db0
Event: 9.873 Thread 0x000001e7fe25c1e0 Thread added: 0x000001e785a0c510
Event: 9.875 Thread 0x000001e7fe25c1e0 Thread added: 0x000001e785a0aad0
Event: 9.878 Thread 0x000001e7fe25c1e0 Thread added: 0x000001e785a09720
Event: 9.879 Thread 0x000001e7fe25c1e0 Thread added: 0x000001e785a05580


Dynamic libraries:
0x00007ff6ff290000 - 0x00007ff6ff29a000 	C:\Program Files\Android\Android Studio\jbr\bin\java.exe
0x00007ffdffed0000 - 0x00007ffe000c8000 	C:\Windows\SYSTEM32\ntdll.dll
0x00007ffdfe090000 - 0x00007ffdfe152000 	C:\Windows\System32\KERNEL32.DLL
0x00007ffdfd970000 - 0x00007ffdfdc66000 	C:\Windows\System32\KERNELBASE.dll
0x00007ffdfd870000 - 0x00007ffdfd970000 	C:\Windows\System32\ucrtbase.dll
0x00007ffded110000 - 0x00007ffded12b000 	C:\Program Files\Android\Android Studio\jbr\bin\VCRUNTIME140.dll
0x00007ffdfabe0000 - 0x00007ffdfabf8000 	C:\Program Files\Android\Android Studio\jbr\bin\jli.dll
0x00007ffdff0d0000 - 0x00007ffdff26d000 	C:\Windows\System32\USER32.dll
0x00007ffdfd590000 - 0x00007ffdfd5b2000 	C:\Windows\System32\win32u.dll
0x00007ffdfeeb0000 - 0x00007ffdfeedb000 	C:\Windows\System32\GDI32.dll
0x00007ffdfdd40000 - 0x00007ffdfde5a000 	C:\Windows\System32\gdi32full.dll
0x00007ffdfd720000 - 0x00007ffdfd7bd000 	C:\Windows\System32\msvcp_win.dll
0x00007ffdecb30000 - 0x00007ffdecdca000 	C:\Windows\WinSxS\amd64_microsoft.windows.common-controls_6595b64144ccf1df_6.0.19041.4355_none_60b8b9eb71f62e16\COMCTL32.dll
0x00007ffdff270000 - 0x00007ffdff30e000 	C:\Windows\System32\msvcrt.dll
0x00007ffdff0a0000 - 0x00007ffdff0cf000 	C:\Windows\System32\IMM32.DLL
0x00007ffdd47a0000 - 0x00007ffdd47ac000 	C:\Program Files\Android\Android Studio\jbr\bin\vcruntime140_1.dll
0x00007ffdf3a20000 - 0x00007ffdf3aad000 	C:\Program Files\Android\Android Studio\jbr\bin\msvcp140.dll
0x00007ffd48020000 - 0x00007ffd48cab000 	C:\Program Files\Android\Android Studio\jbr\bin\server\jvm.dll
0x00007ffdfecb0000 - 0x00007ffdfed5f000 	C:\Windows\System32\ADVAPI32.dll
0x00007ffdfe2f0000 - 0x00007ffdfe38f000 	C:\Windows\System32\sechost.dll
0x00007ffdfdef0000 - 0x00007ffdfe013000 	C:\Windows\System32\RPCRT4.dll
0x00007ffdfd560000 - 0x00007ffdfd587000 	C:\Windows\System32\bcrypt.dll
0x00007ffdfed70000 - 0x00007ffdfeddb000 	C:\Windows\System32\WS2_32.dll
0x00007ffdfd3c0000 - 0x00007ffdfd40b000 	C:\Windows\SYSTEM32\POWRPROF.dll
0x00007ffdf25e0000 - 0x00007ffdf2607000 	C:\Windows\SYSTEM32\WINMM.dll
0x00007ffdf4370000 - 0x00007ffdf437a000 	C:\Windows\SYSTEM32\VERSION.dll
0x00007ffdfd3a0000 - 0x00007ffdfd3b2000 	C:\Windows\SYSTEM32\UMPDC.dll
0x00007ffdfb3e0000 - 0x00007ffdfb3f2000 	C:\Windows\SYSTEM32\kernel.appcore.dll
0x00007ffdd38f0000 - 0x00007ffdd38fa000 	C:\Program Files\Android\Android Studio\jbr\bin\jimage.dll
0x00007ffdee020000 - 0x00007ffdee204000 	C:\Windows\SYSTEM32\DBGHELP.DLL
0x00007ffdee410000 - 0x00007ffdee444000 	C:\Windows\SYSTEM32\dbgcore.DLL
0x00007ffdfde60000 - 0x00007ffdfdee2000 	C:\Windows\System32\bcryptPrimitives.dll
0x00007ffdf9b20000 - 0x00007ffdf9b2e000 	C:\Program Files\Android\Android Studio\jbr\bin\instrument.dll
0x00007ffdbe1b0000 - 0x00007ffdbe1d0000 	C:\Program Files\Android\Android Studio\jbr\bin\java.dll
0x00007ffdbd620000 - 0x00007ffdbd638000 	C:\Program Files\Android\Android Studio\jbr\bin\zip.dll
0x00007ffdff600000 - 0x00007ffdffd6f000 	C:\Windows\System32\SHELL32.dll
0x00007ffdfb5e0000 - 0x00007ffdfbd83000 	C:\Windows\SYSTEM32\windows.storage.dll
0x00007ffdfe820000 - 0x00007ffdfeb75000 	C:\Windows\System32\combase.dll
0x00007ffdfcec0000 - 0x00007ffdfceeb000 	C:\Windows\SYSTEM32\Wldp.dll
0x00007ffdfede0000 - 0x00007ffdfeead000 	C:\Windows\System32\OLEAUT32.dll
0x00007ffdfe240000 - 0x00007ffdfe2ed000 	C:\Windows\System32\SHCORE.dll
0x00007ffdffd70000 - 0x00007ffdffdc5000 	C:\Windows\System32\shlwapi.dll
0x00007ffdfd490000 - 0x00007ffdfd4b5000 	C:\Windows\SYSTEM32\profapi.dll
0x00007ffdd3470000 - 0x00007ffdd3480000 	C:\Program Files\Android\Android Studio\jbr\bin\net.dll
0x00007ffdf51b0000 - 0x00007ffdf52ba000 	C:\Windows\SYSTEM32\WINHTTP.dll
0x00007ffdfcc20000 - 0x00007ffdfcc8c000 	C:\Windows\system32\mswsock.dll
0x00007ffdbcaf0000 - 0x00007ffdbcb06000 	C:\Program Files\Android\Android Studio\jbr\bin\nio.dll
0x00007ffdbc790000 - 0x00007ffdbc7a0000 	C:\Program Files\Android\Android Studio\jbr\bin\verify.dll
0x00007ffdf3c20000 - 0x00007ffdf3c47000 	C:\Users\Isa\.gradle\native\c067742578af261105cb4f569cf0c3c89f3d7b1fecec35dd04571415982c5e48\windows-amd64\native-platform.dll
0x00007ffde63a0000 - 0x00007ffde64e4000 	C:\Users\Isa\.gradle\native\100fb08df4bc3b14c8652ba06237920a3bd2aa13389f12d3474272988ae205f9\windows-amd64\native-platform-file-events.dll
0x00007ffdc41a0000 - 0x00007ffdc41a9000 	C:\Program Files\Android\Android Studio\jbr\bin\management.dll
0x00007ffdbd750000 - 0x00007ffdbd75b000 	C:\Program Files\Android\Android Studio\jbr\bin\management_ext.dll
0x00007ffdfe020000 - 0x00007ffdfe028000 	C:\Windows\System32\PSAPI.DLL
0x00007ffdfce10000 - 0x00007ffdfce28000 	C:\Windows\SYSTEM32\CRYPTSP.dll
0x00007ffdfc540000 - 0x00007ffdfc578000 	C:\Windows\system32\rsaenh.dll
0x00007ffdfd410000 - 0x00007ffdfd43e000 	C:\Windows\SYSTEM32\USERENV.dll
0x00007ffdfce30000 - 0x00007ffdfce3c000 	C:\Windows\SYSTEM32\CRYPTBASE.dll
0x00007ffdfc900000 - 0x00007ffdfc93b000 	C:\Windows\SYSTEM32\IPHLPAPI.DLL
0x00007ffdfe810000 - 0x00007ffdfe818000 	C:\Windows\System32\NSI.dll
0x00007ffdc5360000 - 0x00007ffdc5369000 	C:\Program Files\Android\Android Studio\jbr\bin\extnet.dll
0x00007ffda3830000 - 0x00007ffda3837000 	C:\Windows\system32\wshunix.dll

dbghelp: loaded successfully - version: 4.0.5 - missing functions: none
symbol engine: initialized successfully - sym options: 0x614 - pdb path: .;C:\Program Files\Android\Android Studio\jbr\bin;C:\Windows\SYSTEM32;C:\Windows\WinSxS\amd64_microsoft.windows.common-controls_6595b64144ccf1df_6.0.19041.4355_none_60b8b9eb71f62e16;C:\Program Files\Android\Android Studio\jbr\bin\server;C:\Users\Isa\.gradle\native\c067742578af261105cb4f569cf0c3c89f3d7b1fecec35dd04571415982c5e48\windows-amd64;C:\Users\Isa\.gradle\native\100fb08df4bc3b14c8652ba06237920a3bd2aa13389f12d3474272988ae205f9\windows-amd64

VM Arguments:
jvm_args: --add-opens=java.base/java.util=ALL-UNNAMED --add-opens=java.base/java.lang=ALL-UNNAMED --add-opens=java.base/java.lang.invoke=ALL-UNNAMED --add-opens=java.prefs/java.util.prefs=ALL-UNNAMED --add-exports=jdk.compiler/com.sun.tools.javac.api=ALL-UNNAMED --add-exports=jdk.compiler/com.sun.tools.javac.util=ALL-UNNAMED --add-opens=java.base/java.nio.charset=ALL-UNNAMED --add-opens=java.base/java.net=ALL-UNNAMED --add-opens=java.base/java.util.concurrent.atomic=ALL-UNNAMED -Xmx2048m -Dfile.encoding=UTF-8 -Duser.country=BR -Duser.language=pt -Duser.variant -javaagent:C:\Users\Isa\.gradle\wrapper\dists\gradle-8.9-bin\90cnw93cvbtalezasaz0blq0a\gradle-8.9\lib\agents\gradle-instrumentation-agent-8.9.jar 
java_command: org.gradle.launcher.daemon.bootstrap.GradleDaemon 8.9
java_class_path (initial): C:\Users\Isa\.gradle\wrapper\dists\gradle-8.9-bin\90cnw93cvbtalezasaz0blq0a\gradle-8.9\lib\gradle-daemon-main-8.9.jar
Launcher Type: SUN_STANDARD

[Global flags]
     intx CICompilerCount                          = 4                                         {product} {ergonomic}
     uint ConcGCThreads                            = 2                                         {product} {ergonomic}
     uint G1ConcRefinementThreads                  = 8                                         {product} {ergonomic}
   size_t G1HeapRegionSize                         = 1048576                                   {product} {ergonomic}
    uintx GCDrainStackTargetSize                   = 64                                        {product} {ergonomic}
   size_t InitialHeapSize                          = 100663296                                 {product} {ergonomic}
   size_t MarkStackSize                            = 4194304                                   {product} {ergonomic}
   size_t MaxHeapSize                              = 2147483648                                {product} {command line}
   size_t MaxNewSize                               = 1287651328                                {product} {ergonomic}
   size_t MinHeapDeltaBytes                        = 1048576                                   {product} {ergonomic}
   size_t MinHeapSize                              = 8388608                                   {product} {ergonomic}
    uintx NonNMethodCodeHeapSize                   = 5839372                                {pd product} {ergonomic}
    uintx NonProfiledCodeHeapSize                  = 122909434                              {pd product} {ergonomic}
    uintx ProfiledCodeHeapSize                     = 122909434                              {pd product} {ergonomic}
    uintx ReservedCodeCacheSize                    = 251658240                              {pd product} {ergonomic}
     bool SegmentedCodeCache                       = true                                      {product} {ergonomic}
   size_t SoftMaxHeapSize                          = 2147483648                             {manageable} {ergonomic}
     bool UseCompressedOops                        = true                           {product lp64_product} {ergonomic}
     bool UseG1GC                                  = true                                      {product} {ergonomic}
     bool UseLargePagesIndividualAllocation        = false                                  {pd product} {ergonomic}

Logging:
Log output configuration:
 #0: stdout all=warning uptime,level,tags foldmultilines=false
 #1: stderr all=off uptime,level,tags foldmultilines=false

Environment Variables:
PATH=C:\app\Isa\product\21c\dbhomeXE\bin;C:\Program Files (x86)\Common Files\Oracle\Java\java8path;C:\Program Files (x86)\Common Files\Oracle\Java\javapath;C:\Windows\system32;C:\Windows;C:\Windows\System32\Wbem;C:\Windows\System32\WindowsPowerShell\v1.0\;C:\Windows\System32\OpenSSH\;C:\Program Files (x86)\Windows Kits\10\Windows Performance Toolkit\;C:\Program Files (x86)\Windows Live\Shared;C:\Program Files\nodejs\;C:\Program Files\Git\cmd;C:\Windows\System32;C:\MinGW\bin;C:\Users\Isa\AppData\Local\Programs\Python\Python312\Scripts\;C:\Users\Isa\AppData\Local\Programs\Python\Python312\;C:\Users\Isa\AppData\Local\Microsoft\WindowsApps;C:\Users\Isa\AppData\Local\Programs\Microsoft VS Code\bin;C:\Users\Isa\AppData\Local\Microsoft\WinGet\Packages\Schniz.fnm_Microsoft.Winget.Source_8wekyb3d8bbwe;C:\Users\Isa\AppData\Roaming\npm;C:\msys64\ucrt64\bin;C:\MinGW\bin;
USERNAME=Isa
OS=Windows_NT
PROCESSOR_IDENTIFIER=AMD64 Family 23 Model 24 Stepping 1, AuthenticAMD
TMP=C:\Users\Isa\AppData\Local\Temp
TEMP=C:\Users\Isa\AppData\Local\Temp




Periodic native trim disabled

JNI global refs:
JNI global refs: 26, weak refs: 2

JNI global refs memory usage: 835, weak refs: 833

Process memory usage:
Resident Set Size: 287664K (4% of 6226956K total physical memory with 317076K free physical memory)

OOME stack traces (most recent first):
Classloader memory used:
Loader org.gradle.internal.classloader.VisitableURLClassLoader                         : 33425K
Loader bootstrap                                                                       : 22779K
Loader org.gradle.initialization.MixInLegacyTypesClassLoader                           : 9458K
Loader org.gradle.internal.classloader.VisitableURLClassLoader$InstrumentingVisitableURLClassLoader: 1250K
Loader jdk.internal.loader.ClassLoaders$PlatformClassLoader                            : 526K
Loader jdk.internal.loader.ClassLoaders$AppClassLoader                                 : 230K
Loader org.gradle.internal.classloader.VisitableURLClassLoader                         : 124K
Loader jdk.internal.reflect.DelegatingClassLoader                                      : 116K

Classes loaded by more than one classloader:
Class Program                                                                         : loaded 4 times (x 70B)
Class [Lcom.google.common.base.AbstractIterator$State;                                : loaded 2 times (x 65B)
Class com.google.common.base.CharMatcher$IsEither                                     : loaded 2 times (x 107B)
Class org.gradle.internal.classloader.ClassLoaderHierarchy                            : loaded 2 times (x 66B)
Class com.google.common.collect.ImmutableList$1                                       : loaded 2 times (x 93B)
Class org.gradle.api.internal.classpath.ManifestUtil                                  : loaded 2 times (x 67B)
Class com.google.common.collect.UnmodifiableListIterator                              : loaded 2 times (x 91B)
Class org.gradle.internal.classloader.DefaultClassLoaderFactory                       : loaded 2 times (x 78B)
Class com.google.common.base.CharMatcher$None                                         : loaded 2 times (x 108B)
Class org.gradle.internal.classloader.ClassLoaderVisitor                              : loaded 2 times (x 72B)
Class org.gradle.api.internal.classpath.EffectiveClassPath                            : loaded 2 times (x 86B)
Class com.google.common.base.Splitter                                                 : loaded 2 times (x 68B)
Class org.gradle.api.internal.DefaultClassPathProvider                                : loaded 2 times (x 72B)
Class [Lorg.gradle.api.internal.ClassPathProvider;                                    : loaded 2 times (x 65B)
Class org.gradle.api.internal.ClassPathProvider                                       : loaded 2 times (x 66B)
Class com.google.common.base.AbstractIterator$State                                   : loaded 2 times (x 75B)
Class org.gradle.internal.service.UnknownServiceException                             : loaded 2 times (x 79B)
Class com.google.common.base.Splitter$1                                               : loaded 2 times (x 73B)
Class org.gradle.internal.classpath.TransformedClassPath                              : loaded 2 times (x 92B)
Class com.google.common.collect.UnmodifiableIterator                                  : loaded 2 times (x 76B)
Class org.gradle.internal.service.ServiceLocator                                      : loaded 2 times (x 66B)
Class com.google.common.collect.RegularImmutableAsList                                : loaded 2 times (x 212B)
Class com.google.common.base.CharMatcher$RangesMatcher                                : loaded 2 times (x 108B)
Class com.google.common.collect.Lists$StringAsImmutableList                           : loaded 2 times (x 203B)
Class org.gradle.kotlin.dsl.VersionCatalogAccessorsKt                                 : loaded 2 times (x 67B)
Class com.google.common.base.CharMatcher$JavaLetterOrDigit                            : loaded 2 times (x 107B)
Class org.gradle.internal.InternalTransformer                                         : loaded 2 times (x 66B)
Class com.google.common.base.CharMatcher$And                                          : loaded 2 times (x 108B)
Class org.gradle.internal.classloader.ClasspathUtil$1                                 : loaded 2 times (x 72B)
Class org.gradle.api.internal.classpath.DefaultModuleRegistry$DefaultModule           : loaded 2 times (x 82B)
Class com.google.common.collect.ObjectArrays                                          : loaded 2 times (x 67B)
Class com.google.common.collect.AbstractIndexedListIterator                           : loaded 2 times (x 92B)
Class org.gradle.api.internal.classpath.Module                                        : loaded 2 times (x 66B)
Class org.gradle.api.internal.classpath.UnknownModuleException                        : loaded 2 times (x 78B)
Class com.google.common.base.NullnessCasts                                            : loaded 2 times (x 67B)
Class org.gradle.api.internal.DefaultClassPathRegistry                                : loaded 2 times (x 72B)
Class org.gradle.api.internal.ClassPathRegistry                                       : loaded 2 times (x 66B)
Class org.gradle.internal.classpath.DefaultClassPath$ImmutableUniqueList              : loaded 2 times (x 195B)
Class com.google.common.collect.SingletonImmutableList                                : loaded 2 times (x 203B)
Class org.gradle.internal.classloader.FilteringClassLoader                            : loaded 2 times (x 101B)
Class Settings_gradle$1                                                               : loaded 2 times (x 70B)
Class org.gradle.internal.classpath.ClassPath                                         : loaded 2 times (x 66B)
Class org.gradle.api.UncheckedIOException                                             : loaded 2 times (x 78B)
Class com.google.common.collect.ImmutableList$ReverseImmutableList                    : loaded 2 times (x 204B)
Class com.google.common.base.JdkPattern                                               : loaded 2 times (x 71B)
Class org.gradle.internal.installation.GradleInstallation$1                           : loaded 2 times (x 71B)
Class org.gradle.api.internal.classpath.ModuleRegistry                                : loaded 2 times (x 66B)
Class com.google.common.base.Splitter$SplittingIterator                               : loaded 2 times (x 80B)
Class com.google.common.base.CharMatcher$ForPredicate                                 : loaded 2 times (x 108B)
Class com.google.common.collect.ImmutableCollection                                   : loaded 2 times (x 121B)
Class com.google.common.base.CharMatcher$AnyOf                                        : loaded 2 times (x 108B)
Class org.gradle.api.internal.classpath.DefaultModuleRegistry                         : loaded 2 times (x 79B)
Class com.google.common.collect.Lists                                                 : loaded 2 times (x 67B)
Class com.google.common.base.CharMatcher$Any                                          : loaded 2 times (x 108B)
Class com.google.common.collect.ImmutableAsList                                       : loaded 2 times (x 205B)
Class org.gradle.internal.service.ServiceLookupException                              : loaded 2 times (x 78B)
Class com.google.common.base.CharMatcher$JavaLetter                                   : loaded 2 times (x 107B)
Class org.gradle.internal.classloader.ClassLoaderFactory                              : loaded 2 times (x 66B)
Class com.google.common.base.CharMatcher$IsNot                                        : loaded 2 times (x 107B)
Class com.google.common.base.CommonPattern                                            : loaded 2 times (x 70B)
Class org.gradle.internal.service.CachingServiceLocator                               : loaded 2 times (x 78B)
Class com.google.common.base.CharMatcher$JavaDigit                                    : loaded 2 times (x 107B)
Class com.google.common.collect.RegularImmutableList                                  : loaded 2 times (x 208B)
Class org.gradle.internal.classloader.ClasspathUtil                                   : loaded 2 times (x 67B)
Class com.google.common.base.CharMatcher$JavaUpperCase                                : loaded 2 times (x 107B)
Class org.gradle.api.specs.Spec                                                       : loaded 2 times (x 66B)
Class Build_gradle$1                                                                  : loaded 2 times (x 74B)
Class com.google.common.base.CharMatcher$Invisible                                    : loaded 2 times (x 108B)
Class org.gradle.internal.classloader.VisitableURLClassLoader$InstrumentingVisitableURLClassLoader: loaded 2 times (x 119B)
Class org.gradle.internal.classloader.VisitableURLClassLoader$Spec                    : loaded 2 times (x 70B)
Class org.gradle.internal.classpath.DefaultClassPath                                  : loaded 2 times (x 86B)
Class com.google.common.base.AbstractIterator                                         : loaded 2 times (x 76B)
Class com.google.common.base.CharMatcher$Ascii                                        : loaded 2 times (x 108B)
Class com.google.common.base.CharMatcher$BitSetMatcher                                : loaded 2 times (x 108B)
Class org.gradle.internal.classloader.ClassLoaderSpec                                 : loaded 2 times (x 67B)
Class com.google.common.base.CharMatcher$Or                                           : loaded 2 times (x 108B)
Class Settings_gradle$1$1                                                             : loaded 2 times (x 70B)
Class org.gradle.internal.classloader.VisitableURLClassLoader                         : loaded 2 times (x 113B)
Class Settings_gradle                                                                 : loaded 2 times (x 124B)
Class org.gradle.internal.Cast                                                        : loaded 2 times (x 67B)
Class org.gradle.api.Action                                                           : loaded 2 times (x 66B)
Class com.google.common.base.CharMatcher$FastMatcher                                  : loaded 2 times (x 107B)
Class org.gradle.internal.agents.InstrumentingClassLoader                             : loaded 2 times (x 66B)
Class com.google.common.base.Predicate                                                : loaded 2 times (x 66B)
Class org.gradle.internal.classpath.DefaultClassPath$ImmutableUniqueList$Builder      : loaded 2 times (x 71B)
Class com.google.common.base.CharMatcher$NegatedFastMatcher                           : loaded 2 times (x 109B)
Class com.google.common.base.AbstractIterator$1                                       : loaded 2 times (x 67B)
Class com.google.common.base.CharMatcher$Digit                                        : loaded 2 times (x 108B)
Class org.gradle.api.GradleException                                                  : loaded 2 times (x 78B)
Class com.google.common.collect.CollectPreconditions                                  : loaded 2 times (x 67B)
Class com.google.common.base.CharMatcher$JavaIsoControl                               : loaded 2 times (x 108B)
Class com.google.common.base.CharMatcher$JavaLowerCase                                : loaded 2 times (x 107B)
Class com.google.common.base.Splitter$1$1                                             : loaded 2 times (x 82B)
Class com.google.common.base.CharMatcher$Whitespace                                   : loaded 2 times (x 108B)
Class org.gradle.internal.IoActions                                                   : loaded 2 times (x 67B)
Class com.google.common.base.CharMatcher$SingleWidth                                  : loaded 2 times (x 108B)
Class org.gradle.internal.classloader.SystemClassLoaderSpec                           : loaded 2 times (x 67B)
Class com.google.common.base.CharMatcher$Is                                           : loaded 2 times (x 107B)
Class com.google.common.base.CharMatcher$Negated                                      : loaded 2 times (x 109B)
Class com.google.common.base.Preconditions                                            : loaded 2 times (x 67B)
Class com.google.common.base.CharMatcher                                              : loaded 2 times (x 107B)
Class com.google.common.base.CharMatcher$NamedFastMatcher                             : loaded 2 times (x 108B)
Class com.google.common.base.CharMatcher$1                                            : loaded 2 times (x 109B)
Class com.google.common.base.CharMatcher$InRange                                      : loaded 2 times (x 107B)
Class Build_gradle                                                                    : loaded 2 times (x 68B)
Class org.gradle.internal.installation.CurrentGradleInstallationLocator               : loaded 2 times (x 67B)
Class com.google.common.collect.ImmutableList                                         : loaded 2 times (x 202B)
Class org.gradle.internal.service.DefaultServiceLocator                               : loaded 2 times (x 79B)
Class org.gradle.internal.installation.CurrentGradleInstallation                      : loaded 2 times (x 69B)
Class com.google.common.collect.ImmutableList$SubList                                 : loaded 2 times (x 204B)
Class org.gradle.util.internal.GUtil                                                  : loaded 2 times (x 67B)
Class org.gradle.internal.installation.GradleInstallation                             : loaded 2 times (x 71B)
Class com.google.common.base.Splitter$Strategy                                        : loaded 2 times (x 66B)

---------------  S Y S T E M  ---------------

OS:
 Windows 10 , 64 bit Build 19041 (10.0.19041.5678)
OS uptime: 0 days 0:19 hours

CPU: total 8 (initial active 8) (8 cores per cpu, 2 threads per core) family 23 model 24 stepping 1 microcode 0x0, cx8, cmov, fxsr, ht, mmx, 3dnowpref, sse, sse2, sse3, ssse3, sse4a, sse4.1, sse4.2, popcnt, lzcnt, tsc, tscinvbit, avx, avx2, aes, clmul, bmi1, bmi2, adx, sha, fma, vzeroupper, clflush, clflushopt, rdtscp, f16c
Processor Information for the first 8 processors :
  Max Mhz: 2300, Current Mhz: 2300, Mhz Limit: 2300

Memory: 4k page, system-wide physical 6081M (305M free)
TotalPageFile size 15204M (AvailPageFile size 6M)
current process WorkingSet (physical memory assigned to process): 281M, peak: 281M
current process commit charge ("private bytes"): 344M, peak: 350M

vm_info: OpenJDK 64-Bit Server VM (21.0.6+-13355223-b631.42) for windows-amd64 JRE (21.0.6+-13355223-b631.42), built on 2025-04-14T18:21:23Z by "builder" with MS VC++ 16.10 / 16.11 (VS2019)

END.
